<?xml version="1.0" encoding="UTF-8"?>
<robot generator="Robot 4.1.2 (Python 3.10.0a6 on linux)" generated="20211213 13:14:23.166" rpa="false" schemaversion="2">
<suite id="s1" name="Tests" source="/src/tests">
<suite id="s1-s1" name="Add Bookmark" source="/src/tests/add_bookmark.robot">
<kw name="Open And Configure Browser" library="resource" type="SETUP">
<kw name="Open Browser" library="SeleniumLibrary">
<arg>browser=${BROWSER}</arg>
<arg>options= add_argument("--no-sandbox"); add_argument("--disable-dev-shm-usage")</arg>
<doc>Opens a new browser instance to the optional ``url``.</doc>
<msg timestamp="20211213 13:14:23.414" level="INFO">Opening browser 'headlesschrome' to base url 'None'.</msg>
<status status="PASS" starttime="20211213 13:14:23.413" endtime="20211213 13:14:24.095"/>
</kw>
<kw name="Set Selenium Speed" library="SeleniumLibrary">
<arg>${DELAY}</arg>
<doc>Sets the delay that is waited after each Selenium command.</doc>
<status status="PASS" starttime="20211213 13:14:24.095" endtime="20211213 13:14:24.095"/>
</kw>
<kw name="Go To" library="SeleniumLibrary">
<arg>${LOGIN URL}</arg>
<doc>Navigates the current browser window to the provided ``url``.</doc>
<msg timestamp="20211213 13:14:24.096" level="INFO">Opening url 'http://localhost:5000/login'</msg>
<status status="PASS" starttime="20211213 13:14:24.095" endtime="20211213 13:14:24.220"/>
</kw>
<kw name="Input Text" library="SeleniumLibrary">
<arg>username</arg>
<arg>testi</arg>
<doc>Types the given ``text`` into the text field identified by ``locator``.</doc>
<msg timestamp="20211213 13:14:24.220" level="INFO">Typing text 'testi' into text field 'username'.</msg>
<status status="PASS" starttime="20211213 13:14:24.220" endtime="20211213 13:14:24.292"/>
</kw>
<kw name="Input Text" library="SeleniumLibrary">
<arg>password</arg>
<arg>testi</arg>
<doc>Types the given ``text`` into the text field identified by ``locator``.</doc>
<msg timestamp="20211213 13:14:24.293" level="INFO">Typing text 'testi' into text field 'password'.</msg>
<status status="PASS" starttime="20211213 13:14:24.292" endtime="20211213 13:14:24.356"/>
</kw>
<kw name="Click Button" library="SeleniumLibrary">
<arg>submitLogin</arg>
<doc>Clicks the button identified by ``locator``.</doc>
<msg timestamp="20211213 13:14:24.357" level="INFO">Clicking button 'submitLogin'.</msg>
<status status="PASS" starttime="20211213 13:14:24.356" endtime="20211213 13:14:24.802"/>
</kw>
<status status="PASS" starttime="20211213 13:14:23.413" endtime="20211213 13:14:24.802"/>
</kw>
<test id="s1-s1-t1" name="Click Home Page Link">
<kw name="Go to Add Bookmark Page" library="resource" type="SETUP">
<kw name="Go To" library="SeleniumLibrary">
<arg>${ADD URL}</arg>
<doc>Navigates the current browser window to the provided ``url``.</doc>
<msg timestamp="20211213 13:14:24.803" level="INFO">Opening url 'http://localhost:5000/add_bookmark'</msg>
<status status="PASS" starttime="20211213 13:14:24.803" endtime="20211213 13:14:24.842"/>
</kw>
<status status="PASS" starttime="20211213 13:14:24.803" endtime="20211213 13:14:24.843"/>
</kw>
<kw name="Click Link" library="SeleniumLibrary">
<arg>Home page</arg>
<doc>Clicks a link identified by ``locator``.</doc>
<msg timestamp="20211213 13:14:24.843" level="INFO">Clicking link 'Home page'.</msg>
<status status="PASS" starttime="20211213 13:14:24.843" endtime="20211213 13:14:24.910"/>
</kw>
<kw name="Main Page Should Be Open" library="resource">
<kw name="Title Should Be" library="SeleniumLibrary">
<arg>Lukuvinkkikirjasto</arg>
<doc>Verifies that the current page title equals ``title``.</doc>
<msg timestamp="20211213 13:14:24.914" level="INFO">Page title is 'Lukuvinkkikirjasto'.</msg>
<status status="PASS" starttime="20211213 13:14:24.910" endtime="20211213 13:14:24.914"/>
</kw>
<status status="PASS" starttime="20211213 13:14:24.910" endtime="20211213 13:14:24.915"/>
</kw>
<status status="PASS" starttime="20211213 13:14:24.802" endtime="20211213 13:14:24.915"/>
</test>
<test id="s1-s1-t2" name="Select Book Updates Page">
<kw name="Go to Add Bookmark Page" library="resource" type="SETUP">
<kw name="Go To" library="SeleniumLibrary">
<arg>${ADD URL}</arg>
<doc>Navigates the current browser window to the provided ``url``.</doc>
<msg timestamp="20211213 13:14:24.917" level="INFO">Opening url 'http://localhost:5000/add_bookmark'</msg>
<status status="PASS" starttime="20211213 13:14:24.917" endtime="20211213 13:14:24.943"/>
</kw>
<status status="PASS" starttime="20211213 13:14:24.916" endtime="20211213 13:14:24.943"/>
</kw>
<kw name="Set Type">
<arg>Book</arg>
<kw name="Select From List By Label" library="SeleniumLibrary">
<arg>bookmark</arg>
<arg>${name}</arg>
<doc>Selects options from selection list ``locator`` by ``labels``.</doc>
<msg timestamp="20211213 13:14:24.944" level="INFO">Selecting options from selection list 'bookmark' by label Book.</msg>
<status status="PASS" starttime="20211213 13:14:24.944" endtime="20211213 13:14:24.978"/>
</kw>
<status status="PASS" starttime="20211213 13:14:24.943" endtime="20211213 13:14:24.978"/>
</kw>
<kw name="Page Should Contain" library="SeleniumLibrary">
<arg>ISBN:</arg>
<doc>Verifies that current page contains ``text``.</doc>
<msg timestamp="20211213 13:14:24.988" level="INFO">Current page contains text 'ISBN:'.</msg>
<status status="PASS" starttime="20211213 13:14:24.978" endtime="20211213 13:14:24.988"/>
</kw>
<status status="PASS" starttime="20211213 13:14:24.916" endtime="20211213 13:14:24.989"/>
</test>
<test id="s1-s1-t3" name="Add Valid Book Bookmark">
<kw name="Go to Add Bookmark Page" library="resource" type="SETUP">
<kw name="Go To" library="SeleniumLibrary">
<arg>${ADD URL}</arg>
<doc>Navigates the current browser window to the provided ``url``.</doc>
<msg timestamp="20211213 13:14:24.991" level="INFO">Opening url 'http://localhost:5000/add_bookmark'</msg>
<status status="PASS" starttime="20211213 13:14:24.991" endtime="20211213 13:14:25.019"/>
</kw>
<status status="PASS" starttime="20211213 13:14:24.990" endtime="20211213 13:14:25.019"/>
</kw>
<kw name="Set Title">
<arg>test book</arg>
<kw name="Input Text" library="SeleniumLibrary">
<arg>title</arg>
<arg>${title}</arg>
<doc>Types the given ``text`` into the text field identified by ``locator``.</doc>
<msg timestamp="20211213 13:14:25.020" level="INFO">Typing text 'test book' into text field 'title'.</msg>
<status status="PASS" starttime="20211213 13:14:25.019" endtime="20211213 13:14:25.095"/>
</kw>
<status status="PASS" starttime="20211213 13:14:25.019" endtime="20211213 13:14:25.095"/>
</kw>
<kw name="Set Description">
<arg>test</arg>
<kw name="Input Text" library="SeleniumLibrary">
<arg>description</arg>
<arg>${description}</arg>
<doc>Types the given ``text`` into the text field identified by ``locator``.</doc>
<msg timestamp="20211213 13:14:25.095" level="INFO">Typing text 'test' into text field 'description'.</msg>
<status status="PASS" starttime="20211213 13:14:25.095" endtime="20211213 13:14:25.156"/>
</kw>
<status status="PASS" starttime="20211213 13:14:25.095" endtime="20211213 13:14:25.157"/>
</kw>
<kw name="Set Author">
<arg>test</arg>
<kw name="Input Text" library="SeleniumLibrary">
<arg>author</arg>
<arg>${author}</arg>
<doc>Types the given ``text`` into the text field identified by ``locator``.</doc>
<msg timestamp="20211213 13:14:25.157" level="INFO">Typing text 'test' into text field 'author'.</msg>
<status status="PASS" starttime="20211213 13:14:25.157" endtime="20211213 13:14:25.220"/>
</kw>
<status status="PASS" starttime="20211213 13:14:25.157" endtime="20211213 13:14:25.220"/>
</kw>
<kw name="Set ISBN">
<arg>9783161484100</arg>
<kw name="Input Text" library="SeleniumLibrary">
<arg>ISBN</arg>
<arg>${isbn}</arg>
<doc>Types the given ``text`` into the text field identified by ``locator``.</doc>
<msg timestamp="20211213 13:14:25.221" level="INFO">Typing text '9783161484100' into text field 'ISBN'.</msg>
<status status="PASS" starttime="20211213 13:14:25.221" endtime="20211213 13:14:25.289"/>
</kw>
<status status="PASS" starttime="20211213 13:14:25.221" endtime="20211213 13:14:25.289"/>
</kw>
<kw name="Submit Bookmark">
<kw name="Click Button" library="SeleniumLibrary">
<arg>submitBookmark</arg>
<doc>Clicks the button identified by ``locator``.</doc>
<msg timestamp="20211213 13:14:25.290" level="INFO">Clicking button 'submitBookmark'.</msg>
<status status="PASS" starttime="20211213 13:14:25.290" endtime="20211213 13:14:25.361"/>
</kw>
<status status="PASS" starttime="20211213 13:14:25.289" endtime="20211213 13:14:25.361"/>
</kw>
<kw name="Main Page Should Be Open" library="resource">
<kw name="Title Should Be" library="SeleniumLibrary">
<arg>Lukuvinkkikirjasto</arg>
<doc>Verifies that the current page title equals ``title``.</doc>
<msg timestamp="20211213 13:14:25.366" level="INFO">Page title is 'Lukuvinkkikirjasto'.</msg>
<status status="PASS" starttime="20211213 13:14:25.362" endtime="20211213 13:14:25.366"/>
</kw>
<status status="PASS" starttime="20211213 13:14:25.362" endtime="20211213 13:14:25.366"/>
</kw>
<kw name="Page Should Contain" library="SeleniumLibrary">
<arg>test book</arg>
<doc>Verifies that current page contains ``text``.</doc>
<msg timestamp="20211213 13:14:25.377" level="INFO">Current page contains text 'test book'.</msg>
<status status="PASS" starttime="20211213 13:14:25.366" endtime="20211213 13:14:25.377"/>
</kw>
<status status="PASS" starttime="20211213 13:14:24.989" endtime="20211213 13:14:25.378"/>
</test>
<test id="s1-s1-t4" name="Add Book Bookmark Without Valid Title">
<kw name="Go to Add Bookmark Page" library="resource" type="SETUP">
<kw name="Go To" library="SeleniumLibrary">
<arg>${ADD URL}</arg>
<doc>Navigates the current browser window to the provided ``url``.</doc>
<msg timestamp="20211213 13:14:25.380" level="INFO">Opening url 'http://localhost:5000/add_bookmark'</msg>
<status status="PASS" starttime="20211213 13:14:25.380" endtime="20211213 13:14:25.407"/>
</kw>
<status status="PASS" starttime="20211213 13:14:25.379" endtime="20211213 13:14:25.407"/>
</kw>
<kw name="Set Description">
<arg>test book2</arg>
<kw name="Input Text" library="SeleniumLibrary">
<arg>description</arg>
<arg>${description}</arg>
<doc>Types the given ``text`` into the text field identified by ``locator``.</doc>
<msg timestamp="20211213 13:14:25.407" level="INFO">Typing text 'test book2' into text field 'description'.</msg>
<status status="PASS" starttime="20211213 13:14:25.407" endtime="20211213 13:14:25.477"/>
</kw>
<status status="PASS" starttime="20211213 13:14:25.407" endtime="20211213 13:14:25.477"/>
</kw>
<kw name="Set Author">
<arg>test</arg>
<kw name="Input Text" library="SeleniumLibrary">
<arg>author</arg>
<arg>${author}</arg>
<doc>Types the given ``text`` into the text field identified by ``locator``.</doc>
<msg timestamp="20211213 13:14:25.477" level="INFO">Typing text 'test' into text field 'author'.</msg>
<status status="PASS" starttime="20211213 13:14:25.477" endtime="20211213 13:14:25.536"/>
</kw>
<status status="PASS" starttime="20211213 13:14:25.477" endtime="20211213 13:14:25.536"/>
</kw>
<kw name="Set ISBN">
<arg>9783161484100</arg>
<kw name="Input Text" library="SeleniumLibrary">
<arg>ISBN</arg>
<arg>${isbn}</arg>
<doc>Types the given ``text`` into the text field identified by ``locator``.</doc>
<msg timestamp="20211213 13:14:25.537" level="INFO">Typing text '9783161484100' into text field 'ISBN'.</msg>
<status status="PASS" starttime="20211213 13:14:25.536" endtime="20211213 13:14:25.600"/>
</kw>
<status status="PASS" starttime="20211213 13:14:25.536" endtime="20211213 13:14:25.601"/>
</kw>
<kw name="Submit Bookmark">
<kw name="Click Button" library="SeleniumLibrary">
<arg>submitBookmark</arg>
<doc>Clicks the button identified by ``locator``.</doc>
<msg timestamp="20211213 13:14:25.601" level="INFO">Clicking button 'submitBookmark'.</msg>
<status status="PASS" starttime="20211213 13:14:25.601" endtime="20211213 13:14:25.642"/>
</kw>
<status status="PASS" starttime="20211213 13:14:25.601" endtime="20211213 13:14:25.642"/>
</kw>
<kw name="Alert Should Be Present" library="SeleniumLibrary">
<arg>Name must be between 1-50 characters</arg>
<doc>Verifies that an alert is present and by default, accepts it.</doc>
<msg timestamp="20211213 13:14:25.642" level="INFO">HANDLE::&lt;class 'NoneType'&gt;::None</msg>
<status status="PASS" starttime="20211213 13:14:25.642" endtime="20211213 13:14:25.652"/>
</kw>
<kw name="Verify Invalid Bookmark Not Added">
<arg>test book2</arg>
<kw name="Add Bookmark Page Should Be Open" library="resource">
<kw name="Title Should Be" library="SeleniumLibrary">
<arg>Add bookmark</arg>
<doc>Verifies that the current page title equals ``title``.</doc>
<msg timestamp="20211213 13:14:25.664" level="INFO">Page title is 'Add bookmark'.</msg>
<status status="PASS" starttime="20211213 13:14:25.653" endtime="20211213 13:14:25.664"/>
</kw>
<status status="PASS" starttime="20211213 13:14:25.652" endtime="20211213 13:14:25.664"/>
</kw>
<kw name="Go to Main Page" library="resource">
<kw name="Go To" library="SeleniumLibrary">
<arg>${HOME URL}</arg>
<doc>Navigates the current browser window to the provided ``url``.</doc>
<msg timestamp="20211213 13:14:25.664" level="INFO">Opening url 'http://localhost:5000'</msg>
<status status="PASS" starttime="20211213 13:14:25.664" endtime="20211213 13:14:25.695"/>
</kw>
<status status="PASS" starttime="20211213 13:14:25.664" endtime="20211213 13:14:25.695"/>
</kw>
<kw name="Page Should Not Contain" library="SeleniumLibrary">
<arg>${title}</arg>
<doc>Verifies the current page does not contain ``text``.</doc>
<msg timestamp="20211213 13:14:25.715" level="INFO">Current page does not contain text 'test book2'.</msg>
<status status="PASS" starttime="20211213 13:14:25.696" endtime="20211213 13:14:25.715"/>
</kw>
<status status="PASS" starttime="20211213 13:14:25.652" endtime="20211213 13:14:25.715"/>
</kw>
<status status="PASS" starttime="20211213 13:14:25.378" endtime="20211213 13:14:25.715"/>
</test>
<test id="s1-s1-t5" name="Add Book Bookmark Without Valid Description">
<kw name="Go to Add Bookmark Page" library="resource" type="SETUP">
<kw name="Go To" library="SeleniumLibrary">
<arg>${ADD URL}</arg>
<doc>Navigates the current browser window to the provided ``url``.</doc>
<msg timestamp="20211213 13:14:25.717" level="INFO">Opening url 'http://localhost:5000/add_bookmark'</msg>
<status status="PASS" starttime="20211213 13:14:25.717" endtime="20211213 13:14:25.742"/>
</kw>
<status status="PASS" starttime="20211213 13:14:25.717" endtime="20211213 13:14:25.742"/>
</kw>
<kw name="Set Title">
<arg>test book3</arg>
<kw name="Input Text" library="SeleniumLibrary">
<arg>title</arg>
<arg>${title}</arg>
<doc>Types the given ``text`` into the text field identified by ``locator``.</doc>
<msg timestamp="20211213 13:14:25.743" level="INFO">Typing text 'test book3' into text field 'title'.</msg>
<status status="PASS" starttime="20211213 13:14:25.743" endtime="20211213 13:14:25.811"/>
</kw>
<status status="PASS" starttime="20211213 13:14:25.742" endtime="20211213 13:14:25.811"/>
</kw>
<kw name="Set Author">
<arg>test</arg>
<kw name="Input Text" library="SeleniumLibrary">
<arg>author</arg>
<arg>${author}</arg>
<doc>Types the given ``text`` into the text field identified by ``locator``.</doc>
<msg timestamp="20211213 13:14:25.812" level="INFO">Typing text 'test' into text field 'author'.</msg>
<status status="PASS" starttime="20211213 13:14:25.811" endtime="20211213 13:14:25.877"/>
</kw>
<status status="PASS" starttime="20211213 13:14:25.811" endtime="20211213 13:14:25.877"/>
</kw>
<kw name="Set ISBN">
<arg>9783161484100</arg>
<kw name="Input Text" library="SeleniumLibrary">
<arg>ISBN</arg>
<arg>${isbn}</arg>
<doc>Types the given ``text`` into the text field identified by ``locator``.</doc>
<msg timestamp="20211213 13:14:25.878" level="INFO">Typing text '9783161484100' into text field 'ISBN'.</msg>
<status status="PASS" starttime="20211213 13:14:25.877" endtime="20211213 13:14:25.943"/>
</kw>
<status status="PASS" starttime="20211213 13:14:25.877" endtime="20211213 13:14:25.943"/>
</kw>
<kw name="Submit Bookmark">
<kw name="Click Button" library="SeleniumLibrary">
<arg>submitBookmark</arg>
<doc>Clicks the button identified by ``locator``.</doc>
<msg timestamp="20211213 13:14:25.944" level="INFO">Clicking button 'submitBookmark'.</msg>
<status status="PASS" starttime="20211213 13:14:25.944" endtime="20211213 13:14:25.986"/>
</kw>
<status status="PASS" starttime="20211213 13:14:25.943" endtime="20211213 13:14:25.987"/>
</kw>
<kw name="Verify Invalid Bookmark Not Added">
<arg>test book3</arg>
<kw name="Add Bookmark Page Should Be Open" library="resource">
<kw name="Title Should Be" library="SeleniumLibrary">
<arg>Add bookmark</arg>
<doc>Verifies that the current page title equals ``title``.</doc>
<msg timestamp="20211213 13:14:25.990" level="INFO">Page title is 'Add bookmark'.</msg>
<status status="PASS" starttime="20211213 13:14:25.987" endtime="20211213 13:14:25.990"/>
</kw>
<status status="PASS" starttime="20211213 13:14:25.987" endtime="20211213 13:14:25.990"/>
</kw>
<kw name="Go to Main Page" library="resource">
<kw name="Go To" library="SeleniumLibrary">
<arg>${HOME URL}</arg>
<doc>Navigates the current browser window to the provided ``url``.</doc>
<msg timestamp="20211213 13:14:25.991" level="INFO">Opening url 'http://localhost:5000'</msg>
<status status="PASS" starttime="20211213 13:14:25.991" endtime="20211213 13:14:26.020"/>
</kw>
<status status="PASS" starttime="20211213 13:14:25.990" endtime="20211213 13:14:26.020"/>
</kw>
<kw name="Page Should Not Contain" library="SeleniumLibrary">
<arg>${title}</arg>
<doc>Verifies the current page does not contain ``text``.</doc>
<msg timestamp="20211213 13:14:26.036" level="INFO">Current page does not contain text 'test book3'.</msg>
<status status="PASS" starttime="20211213 13:14:26.021" endtime="20211213 13:14:26.036"/>
</kw>
<status status="PASS" starttime="20211213 13:14:25.987" endtime="20211213 13:14:26.037"/>
</kw>
<status status="PASS" starttime="20211213 13:14:25.716" endtime="20211213 13:14:26.037"/>
</test>
<test id="s1-s1-t6" name="Add Book Bookmark Without Valid Author">
<kw name="Go to Add Bookmark Page" library="resource" type="SETUP">
<kw name="Go To" library="SeleniumLibrary">
<arg>${ADD URL}</arg>
<doc>Navigates the current browser window to the provided ``url``.</doc>
<msg timestamp="20211213 13:14:26.039" level="INFO">Opening url 'http://localhost:5000/add_bookmark'</msg>
<status status="PASS" starttime="20211213 13:14:26.039" endtime="20211213 13:14:26.068"/>
</kw>
<status status="PASS" starttime="20211213 13:14:26.038" endtime="20211213 13:14:26.069"/>
</kw>
<kw name="Set Title">
<arg>test book4</arg>
<kw name="Input Text" library="SeleniumLibrary">
<arg>title</arg>
<arg>${title}</arg>
<doc>Types the given ``text`` into the text field identified by ``locator``.</doc>
<msg timestamp="20211213 13:14:26.069" level="INFO">Typing text 'test book4' into text field 'title'.</msg>
<status status="PASS" starttime="20211213 13:14:26.069" endtime="20211213 13:14:26.142"/>
</kw>
<status status="PASS" starttime="20211213 13:14:26.069" endtime="20211213 13:14:26.142"/>
</kw>
<kw name="Set Description">
<arg>test</arg>
<kw name="Input Text" library="SeleniumLibrary">
<arg>description</arg>
<arg>${description}</arg>
<doc>Types the given ``text`` into the text field identified by ``locator``.</doc>
<msg timestamp="20211213 13:14:26.143" level="INFO">Typing text 'test' into text field 'description'.</msg>
<status status="PASS" starttime="20211213 13:14:26.142" endtime="20211213 13:14:26.202"/>
</kw>
<status status="PASS" starttime="20211213 13:14:26.142" endtime="20211213 13:14:26.202"/>
</kw>
<kw name="Set ISBN">
<arg>9783161484100</arg>
<kw name="Input Text" library="SeleniumLibrary">
<arg>ISBN</arg>
<arg>${isbn}</arg>
<doc>Types the given ``text`` into the text field identified by ``locator``.</doc>
<msg timestamp="20211213 13:14:26.203" level="INFO">Typing text '9783161484100' into text field 'ISBN'.</msg>
<status status="PASS" starttime="20211213 13:14:26.203" endtime="20211213 13:14:26.267"/>
</kw>
<status status="PASS" starttime="20211213 13:14:26.202" endtime="20211213 13:14:26.267"/>
</kw>
<kw name="Submit Bookmark">
<kw name="Click Button" library="SeleniumLibrary">
<arg>submitBookmark</arg>
<doc>Clicks the button identified by ``locator``.</doc>
<msg timestamp="20211213 13:14:26.267" level="INFO">Clicking button 'submitBookmark'.</msg>
<status status="PASS" starttime="20211213 13:14:26.267" endtime="20211213 13:14:26.308"/>
</kw>
<status status="PASS" starttime="20211213 13:14:26.267" endtime="20211213 13:14:26.308"/>
</kw>
<kw name="Alert Should Be Present" library="SeleniumLibrary">
<arg>Name must be between 1-50 characters</arg>
<doc>Verifies that an alert is present and by default, accepts it.</doc>
<msg timestamp="20211213 13:14:26.308" level="INFO">HANDLE::&lt;class 'NoneType'&gt;::None</msg>
<status status="PASS" starttime="20211213 13:14:26.308" endtime="20211213 13:14:26.317"/>
</kw>
<kw name="Verify Invalid Bookmark Not Added">
<arg>test book4</arg>
<kw name="Add Bookmark Page Should Be Open" library="resource">
<kw name="Title Should Be" library="SeleniumLibrary">
<arg>Add bookmark</arg>
<doc>Verifies that the current page title equals ``title``.</doc>
<msg timestamp="20211213 13:14:26.351" level="INFO">Page title is 'Add bookmark'.</msg>
<status status="PASS" starttime="20211213 13:14:26.318" endtime="20211213 13:14:26.351"/>
</kw>
<status status="PASS" starttime="20211213 13:14:26.318" endtime="20211213 13:14:26.352"/>
</kw>
<kw name="Go to Main Page" library="resource">
<kw name="Go To" library="SeleniumLibrary">
<arg>${HOME URL}</arg>
<doc>Navigates the current browser window to the provided ``url``.</doc>
<msg timestamp="20211213 13:14:26.352" level="INFO">Opening url 'http://localhost:5000'</msg>
<status status="PASS" starttime="20211213 13:14:26.352" endtime="20211213 13:14:26.388"/>
</kw>
<status status="PASS" starttime="20211213 13:14:26.352" endtime="20211213 13:14:26.388"/>
</kw>
<kw name="Page Should Not Contain" library="SeleniumLibrary">
<arg>${title}</arg>
<doc>Verifies the current page does not contain ``text``.</doc>
<msg timestamp="20211213 13:14:26.404" level="INFO">Current page does not contain text 'test book4'.</msg>
<status status="PASS" starttime="20211213 13:14:26.388" endtime="20211213 13:14:26.404"/>
</kw>
<status status="PASS" starttime="20211213 13:14:26.317" endtime="20211213 13:14:26.404"/>
</kw>
<status status="PASS" starttime="20211213 13:14:26.037" endtime="20211213 13:14:26.405"/>
</test>
<test id="s1-s1-t7" name="Add Book Bookmark Without Valid ISBN">
<kw name="Go to Add Bookmark Page" library="resource" type="SETUP">
<kw name="Go To" library="SeleniumLibrary">
<arg>${ADD URL}</arg>
<doc>Navigates the current browser window to the provided ``url``.</doc>
<msg timestamp="20211213 13:14:26.407" level="INFO">Opening url 'http://localhost:5000/add_bookmark'</msg>
<status status="PASS" starttime="20211213 13:14:26.407" endtime="20211213 13:14:26.430"/>
</kw>
<status status="PASS" starttime="20211213 13:14:26.406" endtime="20211213 13:14:26.430"/>
</kw>
<kw name="Set Title">
<arg>test book5</arg>
<kw name="Input Text" library="SeleniumLibrary">
<arg>title</arg>
<arg>${title}</arg>
<doc>Types the given ``text`` into the text field identified by ``locator``.</doc>
<msg timestamp="20211213 13:14:26.431" level="INFO">Typing text 'test book5' into text field 'title'.</msg>
<status status="PASS" starttime="20211213 13:14:26.430" endtime="20211213 13:14:26.501"/>
</kw>
<status status="PASS" starttime="20211213 13:14:26.430" endtime="20211213 13:14:26.501"/>
</kw>
<kw name="Set Description">
<arg>test</arg>
<kw name="Input Text" library="SeleniumLibrary">
<arg>description</arg>
<arg>${description}</arg>
<doc>Types the given ``text`` into the text field identified by ``locator``.</doc>
<msg timestamp="20211213 13:14:26.502" level="INFO">Typing text 'test' into text field 'description'.</msg>
<status status="PASS" starttime="20211213 13:14:26.502" endtime="20211213 13:14:26.561"/>
</kw>
<status status="PASS" starttime="20211213 13:14:26.501" endtime="20211213 13:14:26.561"/>
</kw>
<kw name="Set Author">
<arg>test</arg>
<kw name="Input Text" library="SeleniumLibrary">
<arg>author</arg>
<arg>${author}</arg>
<doc>Types the given ``text`` into the text field identified by ``locator``.</doc>
<msg timestamp="20211213 13:14:26.563" level="INFO">Typing text 'test' into text field 'author'.</msg>
<status status="PASS" starttime="20211213 13:14:26.562" endtime="20211213 13:14:26.622"/>
</kw>
<status status="PASS" starttime="20211213 13:14:26.561" endtime="20211213 13:14:26.622"/>
</kw>
<kw name="Set ISBN">
<arg>testitestitesti</arg>
<kw name="Input Text" library="SeleniumLibrary">
<arg>ISBN</arg>
<arg>${isbn}</arg>
<doc>Types the given ``text`` into the text field identified by ``locator``.</doc>
<msg timestamp="20211213 13:14:26.623" level="INFO">Typing text 'testitestitesti' into text field 'ISBN'.</msg>
<status status="PASS" starttime="20211213 13:14:26.622" endtime="20211213 13:14:26.688"/>
</kw>
<status status="PASS" starttime="20211213 13:14:26.622" endtime="20211213 13:14:26.688"/>
</kw>
<kw name="Submit Bookmark">
<kw name="Click Button" library="SeleniumLibrary">
<arg>submitBookmark</arg>
<doc>Clicks the button identified by ``locator``.</doc>
<msg timestamp="20211213 13:14:26.689" level="INFO">Clicking button 'submitBookmark'.</msg>
<status status="PASS" starttime="20211213 13:14:26.689" endtime="20211213 13:14:26.748"/>
</kw>
<status status="PASS" starttime="20211213 13:14:26.688" endtime="20211213 13:14:26.748"/>
</kw>
<kw name="Page Should Contain" library="SeleniumLibrary">
<arg>Invalid ISBN</arg>
<doc>Verifies that current page contains ``text``.</doc>
<msg timestamp="20211213 13:14:26.762" level="INFO">Current page contains text 'Invalid ISBN'.</msg>
<status status="PASS" starttime="20211213 13:14:26.748" endtime="20211213 13:14:26.762"/>
</kw>
<kw name="Verify Invalid Bookmark Not Added">
<arg>test book5</arg>
<kw name="Add Bookmark Page Should Be Open" library="resource">
<kw name="Title Should Be" library="SeleniumLibrary">
<arg>Add bookmark</arg>
<doc>Verifies that the current page title equals ``title``.</doc>
<msg timestamp="20211213 13:14:26.766" level="INFO">Page title is 'Add bookmark'.</msg>
<status status="PASS" starttime="20211213 13:14:26.763" endtime="20211213 13:14:26.766"/>
</kw>
<status status="PASS" starttime="20211213 13:14:26.763" endtime="20211213 13:14:26.766"/>
</kw>
<kw name="Go to Main Page" library="resource">
<kw name="Go To" library="SeleniumLibrary">
<arg>${HOME URL}</arg>
<doc>Navigates the current browser window to the provided ``url``.</doc>
<msg timestamp="20211213 13:14:26.767" level="INFO">Opening url 'http://localhost:5000'</msg>
<status status="PASS" starttime="20211213 13:14:26.766" endtime="20211213 13:14:26.792"/>
</kw>
<status status="PASS" starttime="20211213 13:14:26.766" endtime="20211213 13:14:26.792"/>
</kw>
<kw name="Page Should Not Contain" library="SeleniumLibrary">
<arg>${title}</arg>
<doc>Verifies the current page does not contain ``text``.</doc>
<msg timestamp="20211213 13:14:26.809" level="INFO">Current page does not contain text 'test book5'.</msg>
<status status="PASS" starttime="20211213 13:14:26.792" endtime="20211213 13:14:26.809"/>
</kw>
<status status="PASS" starttime="20211213 13:14:26.762" endtime="20211213 13:14:26.809"/>
</kw>
<status status="PASS" starttime="20211213 13:14:26.405" endtime="20211213 13:14:26.810"/>
</test>
<test id="s1-s1-t8" name="Select Video Updates Page">
<kw name="Go to Add Bookmark Page" library="resource" type="SETUP">
<kw name="Go To" library="SeleniumLibrary">
<arg>${ADD URL}</arg>
<doc>Navigates the current browser window to the provided ``url``.</doc>
<msg timestamp="20211213 13:14:26.811" level="INFO">Opening url 'http://localhost:5000/add_bookmark'</msg>
<status status="PASS" starttime="20211213 13:14:26.811" endtime="20211213 13:14:26.837"/>
</kw>
<status status="PASS" starttime="20211213 13:14:26.811" endtime="20211213 13:14:26.838"/>
</kw>
<kw name="Set Type">
<arg>Video</arg>
<kw name="Select From List By Label" library="SeleniumLibrary">
<arg>bookmark</arg>
<arg>${name}</arg>
<doc>Selects options from selection list ``locator`` by ``labels``.</doc>
<msg timestamp="20211213 13:14:26.838" level="INFO">Selecting options from selection list 'bookmark' by label Video.</msg>
<status status="PASS" starttime="20211213 13:14:26.838" endtime="20211213 13:14:26.888"/>
</kw>
<status status="PASS" starttime="20211213 13:14:26.838" endtime="20211213 13:14:26.888"/>
</kw>
<kw name="Page Should Contain" library="SeleniumLibrary">
<arg>Link:</arg>
<doc>Verifies that current page contains ``text``.</doc>
<msg timestamp="20211213 13:14:26.898" level="INFO">Current page contains text 'Link:'.</msg>
<status status="PASS" starttime="20211213 13:14:26.888" endtime="20211213 13:14:26.898"/>
</kw>
<status status="PASS" starttime="20211213 13:14:26.810" endtime="20211213 13:14:26.898"/>
</test>
<test id="s1-s1-t9" name="Add Valid Video Bookmark">
<kw name="Go to Add Bookmark Page" library="resource" type="SETUP">
<kw name="Go To" library="SeleniumLibrary">
<arg>${ADD URL}</arg>
<doc>Navigates the current browser window to the provided ``url``.</doc>
<msg timestamp="20211213 13:14:26.900" level="INFO">Opening url 'http://localhost:5000/add_bookmark'</msg>
<status status="PASS" starttime="20211213 13:14:26.899" endtime="20211213 13:14:26.926"/>
</kw>
<status status="PASS" starttime="20211213 13:14:26.899" endtime="20211213 13:14:26.926"/>
</kw>
<kw name="Set Type">
<arg>Video</arg>
<kw name="Select From List By Label" library="SeleniumLibrary">
<arg>bookmark</arg>
<arg>${name}</arg>
<doc>Selects options from selection list ``locator`` by ``labels``.</doc>
<msg timestamp="20211213 13:14:26.927" level="INFO">Selecting options from selection list 'bookmark' by label Video.</msg>
<status status="PASS" starttime="20211213 13:14:26.927" endtime="20211213 13:14:26.972"/>
</kw>
<status status="PASS" starttime="20211213 13:14:26.926" endtime="20211213 13:14:26.973"/>
</kw>
<kw name="Set Title">
<arg>test video</arg>
<kw name="Input Text" library="SeleniumLibrary">
<arg>title</arg>
<arg>${title}</arg>
<doc>Types the given ``text`` into the text field identified by ``locator``.</doc>
<msg timestamp="20211213 13:14:26.973" level="INFO">Typing text 'test video' into text field 'title'.</msg>
<status status="PASS" starttime="20211213 13:14:26.973" endtime="20211213 13:14:27.037"/>
</kw>
<status status="PASS" starttime="20211213 13:14:26.973" endtime="20211213 13:14:27.038"/>
</kw>
<kw name="Set Description">
<arg>test</arg>
<kw name="Input Text" library="SeleniumLibrary">
<arg>description</arg>
<arg>${description}</arg>
<doc>Types the given ``text`` into the text field identified by ``locator``.</doc>
<msg timestamp="20211213 13:14:27.038" level="INFO">Typing text 'test' into text field 'description'.</msg>
<status status="PASS" starttime="20211213 13:14:27.038" endtime="20211213 13:14:27.105"/>
</kw>
<status status="PASS" starttime="20211213 13:14:27.038" endtime="20211213 13:14:27.105"/>
</kw>
<kw name="Set Author">
<arg>test</arg>
<kw name="Input Text" library="SeleniumLibrary">
<arg>author</arg>
<arg>${author}</arg>
<doc>Types the given ``text`` into the text field identified by ``locator``.</doc>
<msg timestamp="20211213 13:14:27.106" level="INFO">Typing text 'test' into text field 'author'.</msg>
<status status="PASS" starttime="20211213 13:14:27.105" endtime="20211213 13:14:27.165"/>
</kw>
<status status="PASS" starttime="20211213 13:14:27.105" endtime="20211213 13:14:27.165"/>
</kw>
<kw name="Set Link">
<arg>https://youtube.com/</arg>
<kw name="Input Text" library="SeleniumLibrary">
<arg>link</arg>
<arg>${link}</arg>
<doc>Types the given ``text`` into the text field identified by ``locator``.</doc>
<msg timestamp="20211213 13:14:27.166" level="INFO">Typing text 'https://youtube.com/' into text field 'link'.</msg>
<status status="PASS" starttime="20211213 13:14:27.166" endtime="20211213 13:14:27.239"/>
</kw>
<status status="PASS" starttime="20211213 13:14:27.165" endtime="20211213 13:14:27.239"/>
</kw>
<kw name="Submit Bookmark">
<kw name="Click Button" library="SeleniumLibrary">
<arg>submitBookmark</arg>
<doc>Clicks the button identified by ``locator``.</doc>
<msg timestamp="20211213 13:14:27.240" level="INFO">Clicking button 'submitBookmark'.</msg>
<status status="PASS" starttime="20211213 13:14:27.240" endtime="20211213 13:14:27.328"/>
</kw>
<status status="PASS" starttime="20211213 13:14:27.239" endtime="20211213 13:14:27.328"/>
</kw>
<kw name="Main Page Should Be Open" library="resource">
<kw name="Title Should Be" library="SeleniumLibrary">
<arg>Lukuvinkkikirjasto</arg>
<doc>Verifies that the current page title equals ``title``.</doc>
<msg timestamp="20211213 13:14:27.334" level="INFO">Page title is 'Lukuvinkkikirjasto'.</msg>
<status status="PASS" starttime="20211213 13:14:27.328" endtime="20211213 13:14:27.335"/>
</kw>
<status status="PASS" starttime="20211213 13:14:27.328" endtime="20211213 13:14:27.335"/>
</kw>
<status status="PASS" starttime="20211213 13:14:26.899" endtime="20211213 13:14:27.335"/>
</test>
<test id="s1-s1-t10" name="Add Video Bookmark Without Valid Title">
<kw name="Go to Add Bookmark Page" library="resource" type="SETUP">
<kw name="Go To" library="SeleniumLibrary">
<arg>${ADD URL}</arg>
<doc>Navigates the current browser window to the provided ``url``.</doc>
<msg timestamp="20211213 13:14:27.337" level="INFO">Opening url 'http://localhost:5000/add_bookmark'</msg>
<status status="PASS" starttime="20211213 13:14:27.336" endtime="20211213 13:14:27.362"/>
</kw>
<status status="PASS" starttime="20211213 13:14:27.336" endtime="20211213 13:14:27.362"/>
</kw>
<kw name="Set Type">
<arg>Video</arg>
<kw name="Select From List By Label" library="SeleniumLibrary">
<arg>bookmark</arg>
<arg>${name}</arg>
<doc>Selects options from selection list ``locator`` by ``labels``.</doc>
<msg timestamp="20211213 13:14:27.363" level="INFO">Selecting options from selection list 'bookmark' by label Video.</msg>
<status status="PASS" starttime="20211213 13:14:27.363" endtime="20211213 13:14:27.410"/>
</kw>
<status status="PASS" starttime="20211213 13:14:27.362" endtime="20211213 13:14:27.410"/>
</kw>
<kw name="Set Description">
<arg>test video2</arg>
<kw name="Input Text" library="SeleniumLibrary">
<arg>description</arg>
<arg>${description}</arg>
<doc>Types the given ``text`` into the text field identified by ``locator``.</doc>
<msg timestamp="20211213 13:14:27.411" level="INFO">Typing text 'test video2' into text field 'description'.</msg>
<status status="PASS" starttime="20211213 13:14:27.410" endtime="20211213 13:14:27.476"/>
</kw>
<status status="PASS" starttime="20211213 13:14:27.410" endtime="20211213 13:14:27.476"/>
</kw>
<kw name="Set Author">
<arg>test</arg>
<kw name="Input Text" library="SeleniumLibrary">
<arg>author</arg>
<arg>${author}</arg>
<doc>Types the given ``text`` into the text field identified by ``locator``.</doc>
<msg timestamp="20211213 13:14:27.477" level="INFO">Typing text 'test' into text field 'author'.</msg>
<status status="PASS" starttime="20211213 13:14:27.476" endtime="20211213 13:14:27.537"/>
</kw>
<status status="PASS" starttime="20211213 13:14:27.476" endtime="20211213 13:14:27.537"/>
</kw>
<kw name="Set Link">
<arg>https://youtube.com/</arg>
<kw name="Input Text" library="SeleniumLibrary">
<arg>link</arg>
<arg>${link}</arg>
<doc>Types the given ``text`` into the text field identified by ``locator``.</doc>
<msg timestamp="20211213 13:14:27.538" level="INFO">Typing text 'https://youtube.com/' into text field 'link'.</msg>
<status status="PASS" starttime="20211213 13:14:27.538" endtime="20211213 13:14:27.613"/>
</kw>
<status status="PASS" starttime="20211213 13:14:27.537" endtime="20211213 13:14:27.613"/>
</kw>
<kw name="Submit Bookmark">
<kw name="Click Button" library="SeleniumLibrary">
<arg>submitBookmark</arg>
<doc>Clicks the button identified by ``locator``.</doc>
<msg timestamp="20211213 13:14:27.614" level="INFO">Clicking button 'submitBookmark'.</msg>
<status status="PASS" starttime="20211213 13:14:27.613" endtime="20211213 13:14:27.656"/>
</kw>
<status status="PASS" starttime="20211213 13:14:27.613" endtime="20211213 13:14:27.656"/>
</kw>
<kw name="Alert Should Be Present" library="SeleniumLibrary">
<arg>Name must be between 1-50 characters</arg>
<doc>Verifies that an alert is present and by default, accepts it.</doc>
<msg timestamp="20211213 13:14:27.656" level="INFO">HANDLE::&lt;class 'NoneType'&gt;::None</msg>
<status status="PASS" starttime="20211213 13:14:27.656" endtime="20211213 13:14:27.666"/>
</kw>
<kw name="Verify Invalid Bookmark Not Added">
<arg>test video2</arg>
<kw name="Add Bookmark Page Should Be Open" library="resource">
<kw name="Title Should Be" library="SeleniumLibrary">
<arg>Add bookmark</arg>
<doc>Verifies that the current page title equals ``title``.</doc>
<msg timestamp="20211213 13:14:27.674" level="INFO">Page title is 'Add bookmark'.</msg>
<status status="PASS" starttime="20211213 13:14:27.667" endtime="20211213 13:14:27.674"/>
</kw>
<status status="PASS" starttime="20211213 13:14:27.667" endtime="20211213 13:14:27.674"/>
</kw>
<kw name="Go to Main Page" library="resource">
<kw name="Go To" library="SeleniumLibrary">
<arg>${HOME URL}</arg>
<doc>Navigates the current browser window to the provided ``url``.</doc>
<msg timestamp="20211213 13:14:27.675" level="INFO">Opening url 'http://localhost:5000'</msg>
<status status="PASS" starttime="20211213 13:14:27.675" endtime="20211213 13:14:27.705"/>
</kw>
<status status="PASS" starttime="20211213 13:14:27.674" endtime="20211213 13:14:27.705"/>
</kw>
<kw name="Page Should Not Contain" library="SeleniumLibrary">
<arg>${title}</arg>
<doc>Verifies the current page does not contain ``text``.</doc>
<msg timestamp="20211213 13:14:27.722" level="INFO">Current page does not contain text 'test video2'.</msg>
<status status="PASS" starttime="20211213 13:14:27.705" endtime="20211213 13:14:27.722"/>
</kw>
<status status="PASS" starttime="20211213 13:14:27.666" endtime="20211213 13:14:27.722"/>
</kw>
<status status="PASS" starttime="20211213 13:14:27.335" endtime="20211213 13:14:27.722"/>
</test>
<test id="s1-s1-t11" name="Add Video Bookmark Without Valid Description">
<kw name="Go to Add Bookmark Page" library="resource" type="SETUP">
<kw name="Go To" library="SeleniumLibrary">
<arg>${ADD URL}</arg>
<doc>Navigates the current browser window to the provided ``url``.</doc>
<msg timestamp="20211213 13:14:27.725" level="INFO">Opening url 'http://localhost:5000/add_bookmark'</msg>
<status status="PASS" starttime="20211213 13:14:27.725" endtime="20211213 13:14:27.752"/>
</kw>
<status status="PASS" starttime="20211213 13:14:27.724" endtime="20211213 13:14:27.752"/>
</kw>
<kw name="Set Type">
<arg>Video</arg>
<kw name="Select From List By Label" library="SeleniumLibrary">
<arg>bookmark</arg>
<arg>${name}</arg>
<doc>Selects options from selection list ``locator`` by ``labels``.</doc>
<msg timestamp="20211213 13:14:27.753" level="INFO">Selecting options from selection list 'bookmark' by label Video.</msg>
<status status="PASS" starttime="20211213 13:14:27.753" endtime="20211213 13:14:27.800"/>
</kw>
<status status="PASS" starttime="20211213 13:14:27.752" endtime="20211213 13:14:27.800"/>
</kw>
<kw name="Set Title">
<arg>test video3</arg>
<kw name="Input Text" library="SeleniumLibrary">
<arg>title</arg>
<arg>${title}</arg>
<doc>Types the given ``text`` into the text field identified by ``locator``.</doc>
<msg timestamp="20211213 13:14:27.801" level="INFO">Typing text 'test video3' into text field 'title'.</msg>
<status status="PASS" starttime="20211213 13:14:27.800" endtime="20211213 13:14:27.868"/>
</kw>
<status status="PASS" starttime="20211213 13:14:27.800" endtime="20211213 13:14:27.868"/>
</kw>
<kw name="Set Author">
<arg>test</arg>
<kw name="Input Text" library="SeleniumLibrary">
<arg>author</arg>
<arg>${author}</arg>
<doc>Types the given ``text`` into the text field identified by ``locator``.</doc>
<msg timestamp="20211213 13:14:27.868" level="INFO">Typing text 'test' into text field 'author'.</msg>
<status status="PASS" starttime="20211213 13:14:27.868" endtime="20211213 13:14:27.929"/>
</kw>
<status status="PASS" starttime="20211213 13:14:27.868" endtime="20211213 13:14:27.930"/>
</kw>
<kw name="Set Link">
<arg>https://youtube.com/</arg>
<kw name="Input Text" library="SeleniumLibrary">
<arg>link</arg>
<arg>${link}</arg>
<doc>Types the given ``text`` into the text field identified by ``locator``.</doc>
<msg timestamp="20211213 13:14:27.930" level="INFO">Typing text 'https://youtube.com/' into text field 'link'.</msg>
<status status="PASS" starttime="20211213 13:14:27.930" endtime="20211213 13:14:28.007"/>
</kw>
<status status="PASS" starttime="20211213 13:14:27.930" endtime="20211213 13:14:28.007"/>
</kw>
<kw name="Submit Bookmark">
<kw name="Click Button" library="SeleniumLibrary">
<arg>submitBookmark</arg>
<doc>Clicks the button identified by ``locator``.</doc>
<msg timestamp="20211213 13:14:28.008" level="INFO">Clicking button 'submitBookmark'.</msg>
<status status="PASS" starttime="20211213 13:14:28.007" endtime="20211213 13:14:28.061"/>
</kw>
<status status="PASS" starttime="20211213 13:14:28.007" endtime="20211213 13:14:28.062"/>
</kw>
<kw name="Verify Invalid Bookmark Not Added">
<arg>test video3</arg>
<kw name="Add Bookmark Page Should Be Open" library="resource">
<kw name="Title Should Be" library="SeleniumLibrary">
<arg>Add bookmark</arg>
<doc>Verifies that the current page title equals ``title``.</doc>
<msg timestamp="20211213 13:14:28.072" level="INFO">Page title is 'Add bookmark'.</msg>
<status status="PASS" starttime="20211213 13:14:28.062" endtime="20211213 13:14:28.072"/>
</kw>
<status status="PASS" starttime="20211213 13:14:28.062" endtime="20211213 13:14:28.072"/>
</kw>
<kw name="Go to Main Page" library="resource">
<kw name="Go To" library="SeleniumLibrary">
<arg>${HOME URL}</arg>
<doc>Navigates the current browser window to the provided ``url``.</doc>
<msg timestamp="20211213 13:14:28.073" level="INFO">Opening url 'http://localhost:5000'</msg>
<status status="PASS" starttime="20211213 13:14:28.073" endtime="20211213 13:14:28.108"/>
</kw>
<status status="PASS" starttime="20211213 13:14:28.072" endtime="20211213 13:14:28.108"/>
</kw>
<kw name="Page Should Not Contain" library="SeleniumLibrary">
<arg>${title}</arg>
<doc>Verifies the current page does not contain ``text``.</doc>
<msg timestamp="20211213 13:14:28.127" level="INFO">Current page does not contain text 'test video3'.</msg>
<status status="PASS" starttime="20211213 13:14:28.109" endtime="20211213 13:14:28.127"/>
</kw>
<status status="PASS" starttime="20211213 13:14:28.062" endtime="20211213 13:14:28.127"/>
</kw>
<status status="PASS" starttime="20211213 13:14:27.723" endtime="20211213 13:14:28.127"/>
</test>
<test id="s1-s1-t12" name="Add Video Bookmark Without Valid Author">
<kw name="Go to Add Bookmark Page" library="resource" type="SETUP">
<kw name="Go To" library="SeleniumLibrary">
<arg>${ADD URL}</arg>
<doc>Navigates the current browser window to the provided ``url``.</doc>
<msg timestamp="20211213 13:14:28.130" level="INFO">Opening url 'http://localhost:5000/add_bookmark'</msg>
<status status="PASS" starttime="20211213 13:14:28.130" endtime="20211213 13:14:28.156"/>
</kw>
<status status="PASS" starttime="20211213 13:14:28.129" endtime="20211213 13:14:28.157"/>
</kw>
<kw name="Set Type">
<arg>Video</arg>
<kw name="Select From List By Label" library="SeleniumLibrary">
<arg>bookmark</arg>
<arg>${name}</arg>
<doc>Selects options from selection list ``locator`` by ``labels``.</doc>
<msg timestamp="20211213 13:14:28.157" level="INFO">Selecting options from selection list 'bookmark' by label Video.</msg>
<status status="PASS" starttime="20211213 13:14:28.157" endtime="20211213 13:14:28.206"/>
</kw>
<status status="PASS" starttime="20211213 13:14:28.157" endtime="20211213 13:14:28.206"/>
</kw>
<kw name="Set Title">
<arg>test video4</arg>
<kw name="Input Text" library="SeleniumLibrary">
<arg>title</arg>
<arg>${title}</arg>
<doc>Types the given ``text`` into the text field identified by ``locator``.</doc>
<msg timestamp="20211213 13:14:28.207" level="INFO">Typing text 'test video4' into text field 'title'.</msg>
<status status="PASS" starttime="20211213 13:14:28.207" endtime="20211213 13:14:28.271"/>
</kw>
<status status="PASS" starttime="20211213 13:14:28.207" endtime="20211213 13:14:28.271"/>
</kw>
<kw name="Set Description">
<arg>test</arg>
<kw name="Input Text" library="SeleniumLibrary">
<arg>description</arg>
<arg>${description}</arg>
<doc>Types the given ``text`` into the text field identified by ``locator``.</doc>
<msg timestamp="20211213 13:14:28.272" level="INFO">Typing text 'test' into text field 'description'.</msg>
<status status="PASS" starttime="20211213 13:14:28.272" endtime="20211213 13:14:28.330"/>
</kw>
<status status="PASS" starttime="20211213 13:14:28.272" endtime="20211213 13:14:28.330"/>
</kw>
<kw name="Set Link">
<arg>https://youtube.com/</arg>
<kw name="Input Text" library="SeleniumLibrary">
<arg>link</arg>
<arg>${link}</arg>
<doc>Types the given ``text`` into the text field identified by ``locator``.</doc>
<msg timestamp="20211213 13:14:28.331" level="INFO">Typing text 'https://youtube.com/' into text field 'link'.</msg>
<status status="PASS" starttime="20211213 13:14:28.330" endtime="20211213 13:14:28.401"/>
</kw>
<status status="PASS" starttime="20211213 13:14:28.330" endtime="20211213 13:14:28.401"/>
</kw>
<kw name="Submit Bookmark">
<kw name="Click Button" library="SeleniumLibrary">
<arg>submitBookmark</arg>
<doc>Clicks the button identified by ``locator``.</doc>
<msg timestamp="20211213 13:14:28.402" level="INFO">Clicking button 'submitBookmark'.</msg>
<status status="PASS" starttime="20211213 13:14:28.402" endtime="20211213 13:14:28.443"/>
</kw>
<status status="PASS" starttime="20211213 13:14:28.401" endtime="20211213 13:14:28.444"/>
</kw>
<kw name="Alert Should Be Present" library="SeleniumLibrary">
<arg>Name must be between 1-50 characters</arg>
<doc>Verifies that an alert is present and by default, accepts it.</doc>
<msg timestamp="20211213 13:14:28.444" level="INFO">HANDLE::&lt;class 'NoneType'&gt;::None</msg>
<status status="PASS" starttime="20211213 13:14:28.444" endtime="20211213 13:14:28.457"/>
</kw>
<kw name="Verify Invalid Bookmark Not Added">
<arg>test video4</arg>
<kw name="Add Bookmark Page Should Be Open" library="resource">
<kw name="Title Should Be" library="SeleniumLibrary">
<arg>Add bookmark</arg>
<doc>Verifies that the current page title equals ``title``.</doc>
<msg timestamp="20211213 13:14:28.461" level="INFO">Page title is 'Add bookmark'.</msg>
<status status="PASS" starttime="20211213 13:14:28.458" endtime="20211213 13:14:28.461"/>
</kw>
<status status="PASS" starttime="20211213 13:14:28.458" endtime="20211213 13:14:28.461"/>
</kw>
<kw name="Go to Main Page" library="resource">
<kw name="Go To" library="SeleniumLibrary">
<arg>${HOME URL}</arg>
<doc>Navigates the current browser window to the provided ``url``.</doc>
<msg timestamp="20211213 13:14:28.462" level="INFO">Opening url 'http://localhost:5000'</msg>
<status status="PASS" starttime="20211213 13:14:28.462" endtime="20211213 13:14:28.490"/>
</kw>
<status status="PASS" starttime="20211213 13:14:28.461" endtime="20211213 13:14:28.490"/>
</kw>
<kw name="Page Should Not Contain" library="SeleniumLibrary">
<arg>${title}</arg>
<doc>Verifies the current page does not contain ``text``.</doc>
<msg timestamp="20211213 13:14:28.507" level="INFO">Current page does not contain text 'test video4'.</msg>
<status status="PASS" starttime="20211213 13:14:28.491" endtime="20211213 13:14:28.507"/>
</kw>
<status status="PASS" starttime="20211213 13:14:28.457" endtime="20211213 13:14:28.507"/>
</kw>
<status status="PASS" starttime="20211213 13:14:28.128" endtime="20211213 13:14:28.507"/>
</test>
<test id="s1-s1-t13" name="Select Blog Updates Page">
<kw name="Go to Add Bookmark Page" library="resource" type="SETUP">
<kw name="Go To" library="SeleniumLibrary">
<arg>${ADD URL}</arg>
<doc>Navigates the current browser window to the provided ``url``.</doc>
<msg timestamp="20211213 13:14:28.509" level="INFO">Opening url 'http://localhost:5000/add_bookmark'</msg>
<status status="PASS" starttime="20211213 13:14:28.509" endtime="20211213 13:14:28.536"/>
</kw>
<status status="PASS" starttime="20211213 13:14:28.508" endtime="20211213 13:14:28.536"/>
</kw>
<kw name="Set Type">
<arg>Blog</arg>
<kw name="Select From List By Label" library="SeleniumLibrary">
<arg>bookmark</arg>
<arg>${name}</arg>
<doc>Selects options from selection list ``locator`` by ``labels``.</doc>
<msg timestamp="20211213 13:14:28.537" level="INFO">Selecting options from selection list 'bookmark' by label Blog.</msg>
<status status="PASS" starttime="20211213 13:14:28.537" endtime="20211213 13:14:28.587"/>
</kw>
<status status="PASS" starttime="20211213 13:14:28.536" endtime="20211213 13:14:28.587"/>
</kw>
<kw name="Page Should Contain" library="SeleniumLibrary">
<arg>Link:</arg>
<doc>Verifies that current page contains ``text``.</doc>
<msg timestamp="20211213 13:14:28.594" level="INFO">Current page contains text 'Link:'.</msg>
<status status="PASS" starttime="20211213 13:14:28.587" endtime="20211213 13:14:28.594"/>
</kw>
<status status="PASS" starttime="20211213 13:14:28.507" endtime="20211213 13:14:28.594"/>
</test>
<test id="s1-s1-t14" name="Add Valid Blog Bookmark">
<kw name="Go to Add Bookmark Page" library="resource" type="SETUP">
<kw name="Go To" library="SeleniumLibrary">
<arg>${ADD URL}</arg>
<doc>Navigates the current browser window to the provided ``url``.</doc>
<msg timestamp="20211213 13:14:28.597" level="INFO">Opening url 'http://localhost:5000/add_bookmark'</msg>
<status status="PASS" starttime="20211213 13:14:28.596" endtime="20211213 13:14:28.624"/>
</kw>
<status status="PASS" starttime="20211213 13:14:28.596" endtime="20211213 13:14:28.624"/>
</kw>
<kw name="Set Type">
<arg>Blog</arg>
<kw name="Select From List By Label" library="SeleniumLibrary">
<arg>bookmark</arg>
<arg>${name}</arg>
<doc>Selects options from selection list ``locator`` by ``labels``.</doc>
<msg timestamp="20211213 13:14:28.625" level="INFO">Selecting options from selection list 'bookmark' by label Blog.</msg>
<status status="PASS" starttime="20211213 13:14:28.625" endtime="20211213 13:14:28.672"/>
</kw>
<status status="PASS" starttime="20211213 13:14:28.625" endtime="20211213 13:14:28.672"/>
</kw>
<kw name="Set Title">
<arg>test blog</arg>
<kw name="Input Text" library="SeleniumLibrary">
<arg>title</arg>
<arg>${title}</arg>
<doc>Types the given ``text`` into the text field identified by ``locator``.</doc>
<msg timestamp="20211213 13:14:28.673" level="INFO">Typing text 'test blog' into text field 'title'.</msg>
<status status="PASS" starttime="20211213 13:14:28.672" endtime="20211213 13:14:28.737"/>
</kw>
<status status="PASS" starttime="20211213 13:14:28.672" endtime="20211213 13:14:28.737"/>
</kw>
<kw name="Set Description">
<arg>test</arg>
<kw name="Input Text" library="SeleniumLibrary">
<arg>description</arg>
<arg>${description}</arg>
<doc>Types the given ``text`` into the text field identified by ``locator``.</doc>
<msg timestamp="20211213 13:14:28.738" level="INFO">Typing text 'test' into text field 'description'.</msg>
<status status="PASS" starttime="20211213 13:14:28.737" endtime="20211213 13:14:28.804"/>
</kw>
<status status="PASS" starttime="20211213 13:14:28.737" endtime="20211213 13:14:28.804"/>
</kw>
<kw name="Set Author">
<arg>test</arg>
<kw name="Input Text" library="SeleniumLibrary">
<arg>author</arg>
<arg>${author}</arg>
<doc>Types the given ``text`` into the text field identified by ``locator``.</doc>
<msg timestamp="20211213 13:14:28.805" level="INFO">Typing text 'test' into text field 'author'.</msg>
<status status="PASS" starttime="20211213 13:14:28.805" endtime="20211213 13:14:28.864"/>
</kw>
<status status="PASS" starttime="20211213 13:14:28.805" endtime="20211213 13:14:28.864"/>
</kw>
<kw name="Set Link">
<arg>https://wikipedia.org/</arg>
<kw name="Input Text" library="SeleniumLibrary">
<arg>link</arg>
<arg>${link}</arg>
<doc>Types the given ``text`` into the text field identified by ``locator``.</doc>
<msg timestamp="20211213 13:14:28.865" level="INFO">Typing text 'https://wikipedia.org/' into text field 'link'.</msg>
<status status="PASS" starttime="20211213 13:14:28.865" endtime="20211213 13:14:28.938"/>
</kw>
<status status="PASS" starttime="20211213 13:14:28.864" endtime="20211213 13:14:28.938"/>
</kw>
<kw name="Submit Bookmark">
<kw name="Click Button" library="SeleniumLibrary">
<arg>submitBookmark</arg>
<doc>Clicks the button identified by ``locator``.</doc>
<msg timestamp="20211213 13:14:28.939" level="INFO">Clicking button 'submitBookmark'.</msg>
<status status="PASS" starttime="20211213 13:14:28.939" endtime="20211213 13:14:29.029"/>
</kw>
<status status="PASS" starttime="20211213 13:14:28.938" endtime="20211213 13:14:29.029"/>
</kw>
<kw name="Main Page Should Be Open" library="resource">
<kw name="Title Should Be" library="SeleniumLibrary">
<arg>Lukuvinkkikirjasto</arg>
<doc>Verifies that the current page title equals ``title``.</doc>
<msg timestamp="20211213 13:14:29.033" level="INFO">Page title is 'Lukuvinkkikirjasto'.</msg>
<status status="PASS" starttime="20211213 13:14:29.030" endtime="20211213 13:14:29.033"/>
</kw>
<status status="PASS" starttime="20211213 13:14:29.030" endtime="20211213 13:14:29.033"/>
</kw>
<status status="PASS" starttime="20211213 13:14:28.595" endtime="20211213 13:14:29.034"/>
</test>
<test id="s1-s1-t15" name="Add Blog Bookmark Without Valid Title">
<kw name="Go to Add Bookmark Page" library="resource" type="SETUP">
<kw name="Go To" library="SeleniumLibrary">
<arg>${ADD URL}</arg>
<doc>Navigates the current browser window to the provided ``url``.</doc>
<msg timestamp="20211213 13:14:29.036" level="INFO">Opening url 'http://localhost:5000/add_bookmark'</msg>
<status status="PASS" starttime="20211213 13:14:29.036" endtime="20211213 13:14:29.062"/>
</kw>
<status status="PASS" starttime="20211213 13:14:29.035" endtime="20211213 13:14:29.062"/>
</kw>
<kw name="Set Type">
<arg>Blog</arg>
<kw name="Select From List By Label" library="SeleniumLibrary">
<arg>bookmark</arg>
<arg>${name}</arg>
<doc>Selects options from selection list ``locator`` by ``labels``.</doc>
<msg timestamp="20211213 13:14:29.063" level="INFO">Selecting options from selection list 'bookmark' by label Blog.</msg>
<status status="PASS" starttime="20211213 13:14:29.063" endtime="20211213 13:14:29.110"/>
</kw>
<status status="PASS" starttime="20211213 13:14:29.062" endtime="20211213 13:14:29.110"/>
</kw>
<kw name="Set Description">
<arg>test blog2</arg>
<kw name="Input Text" library="SeleniumLibrary">
<arg>description</arg>
<arg>${description}</arg>
<doc>Types the given ``text`` into the text field identified by ``locator``.</doc>
<msg timestamp="20211213 13:14:29.111" level="INFO">Typing text 'test blog2' into text field 'description'.</msg>
<status status="PASS" starttime="20211213 13:14:29.111" endtime="20211213 13:14:29.174"/>
</kw>
<status status="PASS" starttime="20211213 13:14:29.111" endtime="20211213 13:14:29.175"/>
</kw>
<kw name="Set Author">
<arg>test</arg>
<kw name="Input Text" library="SeleniumLibrary">
<arg>author</arg>
<arg>${author}</arg>
<doc>Types the given ``text`` into the text field identified by ``locator``.</doc>
<msg timestamp="20211213 13:14:29.175" level="INFO">Typing text 'test' into text field 'author'.</msg>
<status status="PASS" starttime="20211213 13:14:29.175" endtime="20211213 13:14:29.234"/>
</kw>
<status status="PASS" starttime="20211213 13:14:29.175" endtime="20211213 13:14:29.234"/>
</kw>
<kw name="Set Link">
<arg>https://wikipedia.org/</arg>
<kw name="Input Text" library="SeleniumLibrary">
<arg>link</arg>
<arg>${link}</arg>
<doc>Types the given ``text`` into the text field identified by ``locator``.</doc>
<msg timestamp="20211213 13:14:29.235" level="INFO">Typing text 'https://wikipedia.org/' into text field 'link'.</msg>
<status status="PASS" starttime="20211213 13:14:29.235" endtime="20211213 13:14:29.308"/>
</kw>
<status status="PASS" starttime="20211213 13:14:29.234" endtime="20211213 13:14:29.308"/>
</kw>
<kw name="Submit Bookmark">
<kw name="Click Button" library="SeleniumLibrary">
<arg>submitBookmark</arg>
<doc>Clicks the button identified by ``locator``.</doc>
<msg timestamp="20211213 13:14:29.308" level="INFO">Clicking button 'submitBookmark'.</msg>
<status status="PASS" starttime="20211213 13:14:29.308" endtime="20211213 13:14:29.350"/>
</kw>
<status status="PASS" starttime="20211213 13:14:29.308" endtime="20211213 13:14:29.350"/>
</kw>
<kw name="Alert Should Be Present" library="SeleniumLibrary">
<arg>Name must be between 1-50 characters</arg>
<doc>Verifies that an alert is present and by default, accepts it.</doc>
<msg timestamp="20211213 13:14:29.350" level="INFO">HANDLE::&lt;class 'NoneType'&gt;::None</msg>
<status status="PASS" starttime="20211213 13:14:29.350" endtime="20211213 13:14:29.360"/>
</kw>
<kw name="Verify Invalid Bookmark Not Added">
<arg>test blog2</arg>
<kw name="Add Bookmark Page Should Be Open" library="resource">
<kw name="Title Should Be" library="SeleniumLibrary">
<arg>Add bookmark</arg>
<doc>Verifies that the current page title equals ``title``.</doc>
<msg timestamp="20211213 13:14:29.368" level="INFO">Page title is 'Add bookmark'.</msg>
<status status="PASS" starttime="20211213 13:14:29.361" endtime="20211213 13:14:29.368"/>
</kw>
<status status="PASS" starttime="20211213 13:14:29.360" endtime="20211213 13:14:29.369"/>
</kw>
<kw name="Go to Main Page" library="resource">
<kw name="Go To" library="SeleniumLibrary">
<arg>${HOME URL}</arg>
<doc>Navigates the current browser window to the provided ``url``.</doc>
<msg timestamp="20211213 13:14:29.369" level="INFO">Opening url 'http://localhost:5000'</msg>
<status status="PASS" starttime="20211213 13:14:29.369" endtime="20211213 13:14:29.398"/>
</kw>
<status status="PASS" starttime="20211213 13:14:29.369" endtime="20211213 13:14:29.398"/>
</kw>
<kw name="Page Should Not Contain" library="SeleniumLibrary">
<arg>${title}</arg>
<doc>Verifies the current page does not contain ``text``.</doc>
<msg timestamp="20211213 13:14:29.415" level="INFO">Current page does not contain text 'test blog2'.</msg>
<status status="PASS" starttime="20211213 13:14:29.398" endtime="20211213 13:14:29.415"/>
</kw>
<status status="PASS" starttime="20211213 13:14:29.360" endtime="20211213 13:14:29.415"/>
</kw>
<status status="PASS" starttime="20211213 13:14:29.034" endtime="20211213 13:14:29.415"/>
</test>
<test id="s1-s1-t16" name="Add Blog Bookmark Without Valid Description">
<kw name="Go to Add Bookmark Page" library="resource" type="SETUP">
<kw name="Go To" library="SeleniumLibrary">
<arg>${ADD URL}</arg>
<doc>Navigates the current browser window to the provided ``url``.</doc>
<msg timestamp="20211213 13:14:29.417" level="INFO">Opening url 'http://localhost:5000/add_bookmark'</msg>
<status status="PASS" starttime="20211213 13:14:29.417" endtime="20211213 13:14:29.443"/>
</kw>
<status status="PASS" starttime="20211213 13:14:29.417" endtime="20211213 13:14:29.443"/>
</kw>
<kw name="Set Type">
<arg>Blog</arg>
<kw name="Select From List By Label" library="SeleniumLibrary">
<arg>bookmark</arg>
<arg>${name}</arg>
<doc>Selects options from selection list ``locator`` by ``labels``.</doc>
<msg timestamp="20211213 13:14:29.444" level="INFO">Selecting options from selection list 'bookmark' by label Blog.</msg>
<status status="PASS" starttime="20211213 13:14:29.444" endtime="20211213 13:14:29.491"/>
</kw>
<status status="PASS" starttime="20211213 13:14:29.444" endtime="20211213 13:14:29.491"/>
</kw>
<kw name="Set Title">
<arg>test blog3</arg>
<kw name="Input Text" library="SeleniumLibrary">
<arg>title</arg>
<arg>${title}</arg>
<doc>Types the given ``text`` into the text field identified by ``locator``.</doc>
<msg timestamp="20211213 13:14:29.492" level="INFO">Typing text 'test blog3' into text field 'title'.</msg>
<status status="PASS" starttime="20211213 13:14:29.492" endtime="20211213 13:14:29.557"/>
</kw>
<status status="PASS" starttime="20211213 13:14:29.491" endtime="20211213 13:14:29.557"/>
</kw>
<kw name="Set Author">
<arg>test</arg>
<kw name="Input Text" library="SeleniumLibrary">
<arg>author</arg>
<arg>${author}</arg>
<doc>Types the given ``text`` into the text field identified by ``locator``.</doc>
<msg timestamp="20211213 13:14:29.558" level="INFO">Typing text 'test' into text field 'author'.</msg>
<status status="PASS" starttime="20211213 13:14:29.558" endtime="20211213 13:14:29.620"/>
</kw>
<status status="PASS" starttime="20211213 13:14:29.557" endtime="20211213 13:14:29.620"/>
</kw>
<kw name="Set Link">
<arg>https://wikipedia.org/</arg>
<kw name="Input Text" library="SeleniumLibrary">
<arg>link</arg>
<arg>${link}</arg>
<doc>Types the given ``text`` into the text field identified by ``locator``.</doc>
<msg timestamp="20211213 13:14:29.621" level="INFO">Typing text 'https://wikipedia.org/' into text field 'link'.</msg>
<status status="PASS" starttime="20211213 13:14:29.621" endtime="20211213 13:14:29.692"/>
</kw>
<status status="PASS" starttime="20211213 13:14:29.620" endtime="20211213 13:14:29.692"/>
</kw>
<kw name="Submit Bookmark">
<kw name="Click Button" library="SeleniumLibrary">
<arg>submitBookmark</arg>
<doc>Clicks the button identified by ``locator``.</doc>
<msg timestamp="20211213 13:14:29.693" level="INFO">Clicking button 'submitBookmark'.</msg>
<status status="PASS" starttime="20211213 13:14:29.693" endtime="20211213 13:14:29.748"/>
</kw>
<status status="PASS" starttime="20211213 13:14:29.693" endtime="20211213 13:14:29.748"/>
</kw>
<kw name="Verify Invalid Bookmark Not Added">
<arg>test blog3</arg>
<kw name="Add Bookmark Page Should Be Open" library="resource">
<kw name="Title Should Be" library="SeleniumLibrary">
<arg>Add bookmark</arg>
<doc>Verifies that the current page title equals ``title``.</doc>
<msg timestamp="20211213 13:14:29.766" level="INFO">Page title is 'Add bookmark'.</msg>
<status status="PASS" starttime="20211213 13:14:29.749" endtime="20211213 13:14:29.766"/>
</kw>
<status status="PASS" starttime="20211213 13:14:29.749" endtime="20211213 13:14:29.766"/>
</kw>
<kw name="Go to Main Page" library="resource">
<kw name="Go To" library="SeleniumLibrary">
<arg>${HOME URL}</arg>
<doc>Navigates the current browser window to the provided ``url``.</doc>
<msg timestamp="20211213 13:14:29.767" level="INFO">Opening url 'http://localhost:5000'</msg>
<status status="PASS" starttime="20211213 13:14:29.767" endtime="20211213 13:14:29.805"/>
</kw>
<status status="PASS" starttime="20211213 13:14:29.766" endtime="20211213 13:14:29.806"/>
</kw>
<kw name="Page Should Not Contain" library="SeleniumLibrary">
<arg>${title}</arg>
<doc>Verifies the current page does not contain ``text``.</doc>
<msg timestamp="20211213 13:14:29.822" level="INFO">Current page does not contain text 'test blog3'.</msg>
<status status="PASS" starttime="20211213 13:14:29.806" endtime="20211213 13:14:29.822"/>
</kw>
<status status="PASS" starttime="20211213 13:14:29.748" endtime="20211213 13:14:29.822"/>
</kw>
<status status="PASS" starttime="20211213 13:14:29.415" endtime="20211213 13:14:29.822"/>
</test>
<test id="s1-s1-t17" name="Add Blog Bookmark Without Valid Author">
<kw name="Go to Add Bookmark Page" library="resource" type="SETUP">
<kw name="Go To" library="SeleniumLibrary">
<arg>${ADD URL}</arg>
<doc>Navigates the current browser window to the provided ``url``.</doc>
<msg timestamp="20211213 13:14:29.824" level="INFO">Opening url 'http://localhost:5000/add_bookmark'</msg>
<status status="PASS" starttime="20211213 13:14:29.824" endtime="20211213 13:14:29.854"/>
</kw>
<status status="PASS" starttime="20211213 13:14:29.823" endtime="20211213 13:14:29.854"/>
</kw>
<kw name="Set Type">
<arg>Blog</arg>
<kw name="Select From List By Label" library="SeleniumLibrary">
<arg>bookmark</arg>
<arg>${name}</arg>
<doc>Selects options from selection list ``locator`` by ``labels``.</doc>
<msg timestamp="20211213 13:14:29.855" level="INFO">Selecting options from selection list 'bookmark' by label Blog.</msg>
<status status="PASS" starttime="20211213 13:14:29.854" endtime="20211213 13:14:29.902"/>
</kw>
<status status="PASS" starttime="20211213 13:14:29.854" endtime="20211213 13:14:29.902"/>
</kw>
<kw name="Set Title">
<arg>test blog4</arg>
<kw name="Input Text" library="SeleniumLibrary">
<arg>title</arg>
<arg>${title}</arg>
<doc>Types the given ``text`` into the text field identified by ``locator``.</doc>
<msg timestamp="20211213 13:14:29.903" level="INFO">Typing text 'test blog4' into text field 'title'.</msg>
<status status="PASS" starttime="20211213 13:14:29.903" endtime="20211213 13:14:29.964"/>
</kw>
<status status="PASS" starttime="20211213 13:14:29.902" endtime="20211213 13:14:29.965"/>
</kw>
<kw name="Set Description">
<arg>test</arg>
<kw name="Input Text" library="SeleniumLibrary">
<arg>description</arg>
<arg>${description}</arg>
<doc>Types the given ``text`` into the text field identified by ``locator``.</doc>
<msg timestamp="20211213 13:14:29.965" level="INFO">Typing text 'test' into text field 'description'.</msg>
<status status="PASS" starttime="20211213 13:14:29.965" endtime="20211213 13:14:30.042"/>
</kw>
<status status="PASS" starttime="20211213 13:14:29.965" endtime="20211213 13:14:30.042"/>
</kw>
<kw name="Set Link">
<arg>https://wikipedia.org/</arg>
<kw name="Input Text" library="SeleniumLibrary">
<arg>link</arg>
<arg>${link}</arg>
<doc>Types the given ``text`` into the text field identified by ``locator``.</doc>
<msg timestamp="20211213 13:14:30.043" level="INFO">Typing text 'https://wikipedia.org/' into text field 'link'.</msg>
<status status="PASS" starttime="20211213 13:14:30.043" endtime="20211213 13:14:30.128"/>
</kw>
<status status="PASS" starttime="20211213 13:14:30.042" endtime="20211213 13:14:30.128"/>
</kw>
<kw name="Submit Bookmark">
<kw name="Click Button" library="SeleniumLibrary">
<arg>submitBookmark</arg>
<doc>Clicks the button identified by ``locator``.</doc>
<msg timestamp="20211213 13:14:30.129" level="INFO">Clicking button 'submitBookmark'.</msg>
<status status="PASS" starttime="20211213 13:14:30.129" endtime="20211213 13:14:30.171"/>
</kw>
<status status="PASS" starttime="20211213 13:14:30.128" endtime="20211213 13:14:30.171"/>
</kw>
<kw name="Alert Should Be Present" library="SeleniumLibrary">
<arg>Name must be between 1-50 characters</arg>
<doc>Verifies that an alert is present and by default, accepts it.</doc>
<msg timestamp="20211213 13:14:30.172" level="INFO">HANDLE::&lt;class 'NoneType'&gt;::None</msg>
<status status="PASS" starttime="20211213 13:14:30.171" endtime="20211213 13:14:30.181"/>
</kw>
<kw name="Verify Invalid Bookmark Not Added">
<arg>test blog4</arg>
<kw name="Add Bookmark Page Should Be Open" library="resource">
<kw name="Title Should Be" library="SeleniumLibrary">
<arg>Add bookmark</arg>
<doc>Verifies that the current page title equals ``title``.</doc>
<msg timestamp="20211213 13:14:30.188" level="INFO">Page title is 'Add bookmark'.</msg>
<status status="PASS" starttime="20211213 13:14:30.182" endtime="20211213 13:14:30.188"/>
</kw>
<status status="PASS" starttime="20211213 13:14:30.182" endtime="20211213 13:14:30.188"/>
</kw>
<kw name="Go to Main Page" library="resource">
<kw name="Go To" library="SeleniumLibrary">
<arg>${HOME URL}</arg>
<doc>Navigates the current browser window to the provided ``url``.</doc>
<msg timestamp="20211213 13:14:30.188" level="INFO">Opening url 'http://localhost:5000'</msg>
<status status="PASS" starttime="20211213 13:14:30.188" endtime="20211213 13:14:30.219"/>
</kw>
<status status="PASS" starttime="20211213 13:14:30.188" endtime="20211213 13:14:30.219"/>
</kw>
<kw name="Page Should Not Contain" library="SeleniumLibrary">
<arg>${title}</arg>
<doc>Verifies the current page does not contain ``text``.</doc>
<msg timestamp="20211213 13:14:30.235" level="INFO">Current page does not contain text 'test blog4'.</msg>
<status status="PASS" starttime="20211213 13:14:30.219" endtime="20211213 13:14:30.235"/>
</kw>
<status status="PASS" starttime="20211213 13:14:30.182" endtime="20211213 13:14:30.235"/>
</kw>
<status status="PASS" starttime="20211213 13:14:29.823" endtime="20211213 13:14:30.236"/>
</test>
<test id="s1-s1-t18" name="Select Podcast Updates Page">
<kw name="Go to Add Bookmark Page" library="resource" type="SETUP">
<kw name="Go To" library="SeleniumLibrary">
<arg>${ADD URL}</arg>
<doc>Navigates the current browser window to the provided ``url``.</doc>
<msg timestamp="20211213 13:14:30.238" level="INFO">Opening url 'http://localhost:5000/add_bookmark'</msg>
<status status="PASS" starttime="20211213 13:14:30.237" endtime="20211213 13:14:30.262"/>
</kw>
<status status="PASS" starttime="20211213 13:14:30.237" endtime="20211213 13:14:30.263"/>
</kw>
<kw name="Set Type">
<arg>Podcast</arg>
<kw name="Select From List By Label" library="SeleniumLibrary">
<arg>bookmark</arg>
<arg>${name}</arg>
<doc>Selects options from selection list ``locator`` by ``labels``.</doc>
<msg timestamp="20211213 13:14:30.263" level="INFO">Selecting options from selection list 'bookmark' by label Podcast.</msg>
<status status="PASS" starttime="20211213 13:14:30.263" endtime="20211213 13:14:30.311"/>
</kw>
<status status="PASS" starttime="20211213 13:14:30.263" endtime="20211213 13:14:30.311"/>
</kw>
<kw name="Page Should Contain" library="SeleniumLibrary">
<arg>Episode:</arg>
<doc>Verifies that current page contains ``text``.</doc>
<msg timestamp="20211213 13:14:30.322" level="INFO">Current page contains text 'Episode:'.</msg>
<status status="PASS" starttime="20211213 13:14:30.311" endtime="20211213 13:14:30.322"/>
</kw>
<status status="PASS" starttime="20211213 13:14:30.236" endtime="20211213 13:14:30.322"/>
</test>
<test id="s1-s1-t19" name="Add Valid Podcast Bookmark">
<kw name="Go to Add Bookmark Page" library="resource" type="SETUP">
<kw name="Go To" library="SeleniumLibrary">
<arg>${ADD URL}</arg>
<doc>Navigates the current browser window to the provided ``url``.</doc>
<msg timestamp="20211213 13:14:30.324" level="INFO">Opening url 'http://localhost:5000/add_bookmark'</msg>
<status status="PASS" starttime="20211213 13:14:30.324" endtime="20211213 13:14:30.352"/>
</kw>
<status status="PASS" starttime="20211213 13:14:30.324" endtime="20211213 13:14:30.352"/>
</kw>
<kw name="Set Type">
<arg>Podcast</arg>
<kw name="Select From List By Label" library="SeleniumLibrary">
<arg>bookmark</arg>
<arg>${name}</arg>
<doc>Selects options from selection list ``locator`` by ``labels``.</doc>
<msg timestamp="20211213 13:14:30.353" level="INFO">Selecting options from selection list 'bookmark' by label Podcast.</msg>
<status status="PASS" starttime="20211213 13:14:30.352" endtime="20211213 13:14:30.405"/>
</kw>
<status status="PASS" starttime="20211213 13:14:30.352" endtime="20211213 13:14:30.405"/>
</kw>
<kw name="Set Title">
<arg>test podcast</arg>
<kw name="Input Text" library="SeleniumLibrary">
<arg>title</arg>
<arg>${title}</arg>
<doc>Types the given ``text`` into the text field identified by ``locator``.</doc>
<msg timestamp="20211213 13:14:30.406" level="INFO">Typing text 'test podcast' into text field 'title'.</msg>
<status status="PASS" starttime="20211213 13:14:30.406" endtime="20211213 13:14:30.471"/>
</kw>
<status status="PASS" starttime="20211213 13:14:30.405" endtime="20211213 13:14:30.471"/>
</kw>
<kw name="Set Episode">
<arg>1</arg>
<kw name="Input Text" library="SeleniumLibrary">
<arg>episode</arg>
<arg>${name}</arg>
<doc>Types the given ``text`` into the text field identified by ``locator``.</doc>
<msg timestamp="20211213 13:14:30.472" level="INFO">Typing text '1' into text field 'episode'.</msg>
<status status="PASS" starttime="20211213 13:14:30.472" endtime="20211213 13:14:30.533"/>
</kw>
<status status="PASS" starttime="20211213 13:14:30.471" endtime="20211213 13:14:30.533"/>
</kw>
<kw name="Set Description">
<arg>test</arg>
<kw name="Input Text" library="SeleniumLibrary">
<arg>description</arg>
<arg>${description}</arg>
<doc>Types the given ``text`` into the text field identified by ``locator``.</doc>
<msg timestamp="20211213 13:14:30.534" level="INFO">Typing text 'test' into text field 'description'.</msg>
<status status="PASS" starttime="20211213 13:14:30.534" endtime="20211213 13:14:30.595"/>
</kw>
<status status="PASS" starttime="20211213 13:14:30.533" endtime="20211213 13:14:30.595"/>
</kw>
<kw name="Set Author">
<arg>test</arg>
<kw name="Input Text" library="SeleniumLibrary">
<arg>author</arg>
<arg>${author}</arg>
<doc>Types the given ``text`` into the text field identified by ``locator``.</doc>
<msg timestamp="20211213 13:14:30.596" level="INFO">Typing text 'test' into text field 'author'.</msg>
<status status="PASS" starttime="20211213 13:14:30.596" endtime="20211213 13:14:30.655"/>
</kw>
<status status="PASS" starttime="20211213 13:14:30.596" endtime="20211213 13:14:30.655"/>
</kw>
<kw name="Set Link">
<arg>https://youtube.com/</arg>
<kw name="Input Text" library="SeleniumLibrary">
<arg>link</arg>
<arg>${link}</arg>
<doc>Types the given ``text`` into the text field identified by ``locator``.</doc>
<msg timestamp="20211213 13:14:30.656" level="INFO">Typing text 'https://youtube.com/' into text field 'link'.</msg>
<status status="PASS" starttime="20211213 13:14:30.655" endtime="20211213 13:14:30.723"/>
</kw>
<status status="PASS" starttime="20211213 13:14:30.655" endtime="20211213 13:14:30.724"/>
</kw>
<kw name="Submit Bookmark">
<kw name="Click Button" library="SeleniumLibrary">
<arg>submitBookmark</arg>
<doc>Clicks the button identified by ``locator``.</doc>
<msg timestamp="20211213 13:14:30.724" level="INFO">Clicking button 'submitBookmark'.</msg>
<status status="PASS" starttime="20211213 13:14:30.724" endtime="20211213 13:14:30.820"/>
</kw>
<status status="PASS" starttime="20211213 13:14:30.724" endtime="20211213 13:14:30.820"/>
</kw>
<kw name="Main Page Should Be Open" library="resource">
<kw name="Title Should Be" library="SeleniumLibrary">
<arg>Lukuvinkkikirjasto</arg>
<doc>Verifies that the current page title equals ``title``.</doc>
<msg timestamp="20211213 13:14:30.823" level="INFO">Page title is 'Lukuvinkkikirjasto'.</msg>
<status status="PASS" starttime="20211213 13:14:30.820" endtime="20211213 13:14:30.824"/>
</kw>
<status status="PASS" starttime="20211213 13:14:30.820" endtime="20211213 13:14:30.824"/>
</kw>
<status status="PASS" starttime="20211213 13:14:30.323" endtime="20211213 13:14:30.824"/>
</test>
<test id="s1-s1-t20" name="Add Podcast Bookmark Without Valid Title">
<kw name="Go to Add Bookmark Page" library="resource" type="SETUP">
<kw name="Go To" library="SeleniumLibrary">
<arg>${ADD URL}</arg>
<doc>Navigates the current browser window to the provided ``url``.</doc>
<msg timestamp="20211213 13:14:30.826" level="INFO">Opening url 'http://localhost:5000/add_bookmark'</msg>
<status status="PASS" starttime="20211213 13:14:30.826" endtime="20211213 13:14:30.854"/>
</kw>
<status status="PASS" starttime="20211213 13:14:30.826" endtime="20211213 13:14:30.854"/>
</kw>
<kw name="Set Type">
<arg>Podcast</arg>
<kw name="Select From List By Label" library="SeleniumLibrary">
<arg>bookmark</arg>
<arg>${name}</arg>
<doc>Selects options from selection list ``locator`` by ``labels``.</doc>
<msg timestamp="20211213 13:14:30.855" level="INFO">Selecting options from selection list 'bookmark' by label Podcast.</msg>
<status status="PASS" starttime="20211213 13:14:30.855" endtime="20211213 13:14:30.906"/>
</kw>
<status status="PASS" starttime="20211213 13:14:30.854" endtime="20211213 13:14:30.907"/>
</kw>
<kw name="Set Description">
<arg>test podcast2</arg>
<kw name="Input Text" library="SeleniumLibrary">
<arg>description</arg>
<arg>${description}</arg>
<doc>Types the given ``text`` into the text field identified by ``locator``.</doc>
<msg timestamp="20211213 13:14:30.907" level="INFO">Typing text 'test podcast2' into text field 'description'.</msg>
<status status="PASS" starttime="20211213 13:14:30.907" endtime="20211213 13:14:30.974"/>
</kw>
<status status="PASS" starttime="20211213 13:14:30.907" endtime="20211213 13:14:30.974"/>
</kw>
<kw name="Set Episode">
<arg>1</arg>
<kw name="Input Text" library="SeleniumLibrary">
<arg>episode</arg>
<arg>${name}</arg>
<doc>Types the given ``text`` into the text field identified by ``locator``.</doc>
<msg timestamp="20211213 13:14:30.975" level="INFO">Typing text '1' into text field 'episode'.</msg>
<status status="PASS" starttime="20211213 13:14:30.974" endtime="20211213 13:14:31.032"/>
</kw>
<status status="PASS" starttime="20211213 13:14:30.974" endtime="20211213 13:14:31.033"/>
</kw>
<kw name="Set Author">
<arg>test</arg>
<kw name="Input Text" library="SeleniumLibrary">
<arg>author</arg>
<arg>${author}</arg>
<doc>Types the given ``text`` into the text field identified by ``locator``.</doc>
<msg timestamp="20211213 13:14:31.033" level="INFO">Typing text 'test' into text field 'author'.</msg>
<status status="PASS" starttime="20211213 13:14:31.033" endtime="20211213 13:14:31.092"/>
</kw>
<status status="PASS" starttime="20211213 13:14:31.033" endtime="20211213 13:14:31.092"/>
</kw>
<kw name="Set Link">
<arg>https://youtube.com/</arg>
<kw name="Input Text" library="SeleniumLibrary">
<arg>link</arg>
<arg>${link}</arg>
<doc>Types the given ``text`` into the text field identified by ``locator``.</doc>
<msg timestamp="20211213 13:14:31.093" level="INFO">Typing text 'https://youtube.com/' into text field 'link'.</msg>
<status status="PASS" starttime="20211213 13:14:31.093" endtime="20211213 13:14:31.170"/>
</kw>
<status status="PASS" starttime="20211213 13:14:31.092" endtime="20211213 13:14:31.171"/>
</kw>
<kw name="Submit Bookmark">
<kw name="Click Button" library="SeleniumLibrary">
<arg>submitBookmark</arg>
<doc>Clicks the button identified by ``locator``.</doc>
<msg timestamp="20211213 13:14:31.171" level="INFO">Clicking button 'submitBookmark'.</msg>
<status status="PASS" starttime="20211213 13:14:31.171" endtime="20211213 13:14:31.214"/>
</kw>
<status status="PASS" starttime="20211213 13:14:31.171" endtime="20211213 13:14:31.214"/>
</kw>
<kw name="Alert Should Be Present" library="SeleniumLibrary">
<arg>Name must be between 1-50 characters</arg>
<doc>Verifies that an alert is present and by default, accepts it.</doc>
<msg timestamp="20211213 13:14:31.214" level="INFO">HANDLE::&lt;class 'NoneType'&gt;::None</msg>
<status status="PASS" starttime="20211213 13:14:31.214" endtime="20211213 13:14:31.224"/>
</kw>
<kw name="Verify Invalid Bookmark Not Added">
<arg>test podcast2</arg>
<kw name="Add Bookmark Page Should Be Open" library="resource">
<kw name="Title Should Be" library="SeleniumLibrary">
<arg>Add bookmark</arg>
<doc>Verifies that the current page title equals ``title``.</doc>
<msg timestamp="20211213 13:14:31.232" level="INFO">Page title is 'Add bookmark'.</msg>
<status status="PASS" starttime="20211213 13:14:31.225" endtime="20211213 13:14:31.232"/>
</kw>
<status status="PASS" starttime="20211213 13:14:31.225" endtime="20211213 13:14:31.232"/>
</kw>
<kw name="Go to Main Page" library="resource">
<kw name="Go To" library="SeleniumLibrary">
<arg>${HOME URL}</arg>
<doc>Navigates the current browser window to the provided ``url``.</doc>
<msg timestamp="20211213 13:14:31.234" level="INFO">Opening url 'http://localhost:5000'</msg>
<status status="PASS" starttime="20211213 13:14:31.234" endtime="20211213 13:14:31.263"/>
</kw>
<status status="PASS" starttime="20211213 13:14:31.232" endtime="20211213 13:14:31.263"/>
</kw>
<kw name="Page Should Not Contain" library="SeleniumLibrary">
[...]
<msg timestamp="20211213 13:14:40.793" level="INFO">Opening url 'http://localhost:5000/login'</msg>
<status status="PASS" starttime="20211213 13:14:40.793" endtime="20211213 13:14:40.913"/>
</kw>
<kw name="Input Text" library="SeleniumLibrary">
<arg>username</arg>
<arg>testi</arg>
<doc>Types the given ``text`` into the text field identified by ``locator``.</doc>
<msg timestamp="20211213 13:14:40.914" level="INFO">Typing text 'testi' into text field 'username'.</msg>
<status status="PASS" starttime="20211213 13:14:40.913" endtime="20211213 13:14:40.985"/>
</kw>
<kw name="Input Text" library="SeleniumLibrary">
<arg>password</arg>
<arg>testi</arg>
<doc>Types the given ``text`` into the text field identified by ``locator``.</doc>
<msg timestamp="20211213 13:14:40.986" level="INFO">Typing text 'testi' into text field 'password'.</msg>
<status status="PASS" starttime="20211213 13:14:40.985" endtime="20211213 13:14:41.049"/>
</kw>
<kw name="Click Button" library="SeleniumLibrary">
<arg>submitLogin</arg>
<doc>Clicks the button identified by ``locator``.</doc>
<msg timestamp="20211213 13:14:41.049" level="INFO">Clicking button 'submitLogin'.</msg>
<status status="PASS" starttime="20211213 13:14:41.049" endtime="20211213 13:14:41.331"/>
</kw>
<status status="PASS" starttime="20211213 13:14:40.137" endtime="20211213 13:14:41.331"/>
</kw>
<test id="s1-s3-t1" name="Click Home Page Link">
<kw name="Go to Main Page" library="resource" type="SETUP">
<kw name="Go To" library="SeleniumLibrary">
<arg>${HOME URL}</arg>
<doc>Navigates the current browser window to the provided ``url``.</doc>
<msg timestamp="20211213 13:14:41.333" level="INFO">Opening url 'http://localhost:5000'</msg>
<status status="PASS" starttime="20211213 13:14:41.333" endtime="20211213 13:14:41.365"/>
</kw>
<status status="PASS" starttime="20211213 13:14:41.332" endtime="20211213 13:14:41.365"/>
</kw>
<kw name="Click Link" library="SeleniumLibrary">
<arg>Home page</arg>
<doc>Clicks a link identified by ``locator``.</doc>
<msg timestamp="20211213 13:14:41.366" level="INFO">Clicking link 'Home page'.</msg>
<status status="PASS" starttime="20211213 13:14:41.366" endtime="20211213 13:14:41.434"/>
</kw>
<kw name="Main Page Should Be Open" library="resource">
<kw name="Title Should Be" library="SeleniumLibrary">
<arg>Lukuvinkkikirjasto</arg>
<doc>Verifies that the current page title equals ``title``.</doc>
<msg timestamp="20211213 13:14:41.439" level="INFO">Page title is 'Lukuvinkkikirjasto'.</msg>
<status status="PASS" starttime="20211213 13:14:41.435" endtime="20211213 13:14:41.439"/>
</kw>
<status status="PASS" starttime="20211213 13:14:41.435" endtime="20211213 13:14:41.439"/>
</kw>
<status status="PASS" starttime="20211213 13:14:41.332" endtime="20211213 13:14:41.439"/>
</test>
<test id="s1-s3-t2" name="Click Add Bookmark Link">
<kw name="Go to Main Page" library="resource" type="SETUP">
<kw name="Go To" library="SeleniumLibrary">
<arg>${HOME URL}</arg>
<doc>Navigates the current browser window to the provided ``url``.</doc>
<msg timestamp="20211213 13:14:41.441" level="INFO">Opening url 'http://localhost:5000'</msg>
<status status="PASS" starttime="20211213 13:14:41.441" endtime="20211213 13:14:41.471"/>
</kw>
<status status="PASS" starttime="20211213 13:14:41.441" endtime="20211213 13:14:41.472"/>
</kw>
<kw name="Click Link" library="SeleniumLibrary">
<arg>addBookmark</arg>
<doc>Clicks a link identified by ``locator``.</doc>
<msg timestamp="20211213 13:14:41.472" level="INFO">Clicking link 'addBookmark'.</msg>
<status status="PASS" starttime="20211213 13:14:41.472" endtime="20211213 13:14:41.536"/>
</kw>
<kw name="Add Bookmark Page Should Be Open" library="resource">
<kw name="Title Should Be" library="SeleniumLibrary">
<arg>Add bookmark</arg>
<doc>Verifies that the current page title equals ``title``.</doc>
<msg timestamp="20211213 13:14:41.539" level="INFO">Page title is 'Add bookmark'.</msg>
<status status="PASS" starttime="20211213 13:14:41.536" endtime="20211213 13:14:41.540"/>
</kw>
<status status="PASS" starttime="20211213 13:14:41.536" endtime="20211213 13:14:41.540"/>
</kw>
<status status="PASS" starttime="20211213 13:14:41.439" endtime="20211213 13:14:41.540"/>
</test>
<kw name="Close Browser" library="SeleniumLibrary" type="TEARDOWN">
<doc>Closes the current browser.</doc>
<status status="PASS" starttime="20211213 13:14:41.541" endtime="20211213 13:14:41.597"/>
</kw>
<status status="PASS" starttime="20211213 13:14:40.133" endtime="20211213 13:14:41.597"/>
</suite>
<suite id="s1-s4" name="Login" source="/src/tests/login.robot">
<kw name="Open And Configure Browser" library="resource" type="SETUP">
<kw name="Open Browser" library="SeleniumLibrary">
<arg>browser=${BROWSER}</arg>
<arg>options= add_argument("--no-sandbox"); add_argument("--disable-dev-shm-usage")</arg>
<doc>Opens a new browser instance to the optional ``url``.</doc>
<msg timestamp="20211213 13:14:41.602" level="INFO">Opening browser 'headlesschrome' to base url 'None'.</msg>
<status status="PASS" starttime="20211213 13:14:41.602" endtime="20211213 13:14:42.260"/>
</kw>
<kw name="Set Selenium Speed" library="SeleniumLibrary">
<arg>${DELAY}</arg>
<doc>Sets the delay that is waited after each Selenium command.</doc>
<status status="PASS" starttime="20211213 13:14:42.260" endtime="20211213 13:14:42.260"/>
</kw>
<kw name="Go To" library="SeleniumLibrary">
<arg>${LOGIN URL}</arg>
<doc>Navigates the current browser window to the provided ``url``.</doc>
<msg timestamp="20211213 13:14:42.261" level="INFO">Opening url 'http://localhost:5000/login'</msg>
<status status="PASS" starttime="20211213 13:14:42.261" endtime="20211213 13:14:42.380"/>
</kw>
<kw name="Input Text" library="SeleniumLibrary">
<arg>username</arg>
<arg>testi</arg>
<doc>Types the given ``text`` into the text field identified by ``locator``.</doc>
<msg timestamp="20211213 13:14:42.380" level="INFO">Typing text 'testi' into text field 'username'.</msg>
<status status="PASS" starttime="20211213 13:14:42.380" endtime="20211213 13:14:42.451"/>
</kw>
<kw name="Input Text" library="SeleniumLibrary">
<arg>password</arg>
<arg>testi</arg>
<doc>Types the given ``text`` into the text field identified by ``locator``.</doc>
<msg timestamp="20211213 13:14:42.452" level="INFO">Typing text 'testi' into text field 'password'.</msg>
<status status="PASS" starttime="20211213 13:14:42.451" endtime="20211213 13:14:42.514"/>
</kw>
<kw name="Click Button" library="SeleniumLibrary">
<arg>submitLogin</arg>
<doc>Clicks the button identified by ``locator``.</doc>
<msg timestamp="20211213 13:14:42.514" level="INFO">Clicking button 'submitLogin'.</msg>
<status status="PASS" starttime="20211213 13:14:42.514" endtime="20211213 13:14:42.801"/>
</kw>
<status status="PASS" starttime="20211213 13:14:41.602" endtime="20211213 13:14:42.801"/>
</kw>
<test id="s1-s4-t1" name="Click Home Page Link">
<kw name="Go To Login Page And Log Out" type="SETUP">
<kw name="Go To" library="SeleniumLibrary">
<arg>${LOGOUT URL}</arg>
<doc>Navigates the current browser window to the provided ``url``.</doc>
<msg timestamp="20211213 13:14:42.802" level="INFO">Opening url 'http://localhost:5000/logout'</msg>
<status status="PASS" starttime="20211213 13:14:42.802" endtime="20211213 13:14:42.833"/>
</kw>
<kw name="Go to Login Page" library="resource">
<kw name="Go To" library="SeleniumLibrary">
<arg>${LOGIN URL}</arg>
<doc>Navigates the current browser window to the provided ``url``.</doc>
<msg timestamp="20211213 13:14:42.834" level="INFO">Opening url 'http://localhost:5000/login'</msg>
<status status="PASS" starttime="20211213 13:14:42.834" endtime="20211213 13:14:42.859"/>
</kw>
<status status="PASS" starttime="20211213 13:14:42.834" endtime="20211213 13:14:42.859"/>
</kw>
<status status="PASS" starttime="20211213 13:14:42.802" endtime="20211213 13:14:42.860"/>
</kw>
<kw name="Click Link" library="SeleniumLibrary">
<arg>Home page</arg>
<doc>Clicks a link identified by ``locator``.</doc>
<msg timestamp="20211213 13:14:42.860" level="INFO">Clicking link 'Home page'.</msg>
<status status="PASS" starttime="20211213 13:14:42.860" endtime="20211213 13:14:42.922"/>
</kw>
<kw name="Login Page Should Be Open" library="resource">
<kw name="Title Should Be" library="SeleniumLibrary">
<arg>Log In</arg>
<doc>Verifies that the current page title equals ``title``.</doc>
<msg timestamp="20211213 13:14:42.926" level="INFO">Page title is 'Log In'.</msg>
<status status="PASS" starttime="20211213 13:14:42.923" endtime="20211213 13:14:42.927"/>
</kw>
<status status="PASS" starttime="20211213 13:14:42.923" endtime="20211213 13:14:42.927"/>
</kw>
<kw name="Page Should Contain" library="SeleniumLibrary">
<arg>User not logged in</arg>
<doc>Verifies that current page contains ``text``.</doc>
<msg timestamp="20211213 13:14:42.938" level="INFO">Current page contains text 'User not logged in'.</msg>
<status status="PASS" starttime="20211213 13:14:42.927" endtime="20211213 13:14:42.938"/>
</kw>
<status status="PASS" starttime="20211213 13:14:42.801" endtime="20211213 13:14:42.938"/>
</test>
<test id="s1-s4-t2" name="Login With Invalid Username">
<kw name="Go To Login Page And Log Out" type="SETUP">
<kw name="Go To" library="SeleniumLibrary">
<arg>${LOGOUT URL}</arg>
<doc>Navigates the current browser window to the provided ``url``.</doc>
<msg timestamp="20211213 13:14:42.941" level="INFO">Opening url 'http://localhost:5000/logout'</msg>
<status status="PASS" starttime="20211213 13:14:42.940" endtime="20211213 13:14:42.967"/>
</kw>
<kw name="Go to Login Page" library="resource">
<kw name="Go To" library="SeleniumLibrary">
<arg>${LOGIN URL}</arg>
<doc>Navigates the current browser window to the provided ``url``.</doc>
<msg timestamp="20211213 13:14:42.967" level="INFO">Opening url 'http://localhost:5000/login'</msg>
<status status="PASS" starttime="20211213 13:14:42.967" endtime="20211213 13:14:42.990"/>
</kw>
<status status="PASS" starttime="20211213 13:14:42.967" endtime="20211213 13:14:42.990"/>
</kw>
<status status="PASS" starttime="20211213 13:14:42.940" endtime="20211213 13:14:42.990"/>
</kw>
<kw name="Set Username">
<arg>testi_notfound</arg>
<kw name="Input Text" library="SeleniumLibrary">
<arg>username</arg>
<arg>${username}</arg>
<doc>Types the given ``text`` into the text field identified by ``locator``.</doc>
<msg timestamp="20211213 13:14:42.991" level="INFO">Typing text 'testi_notfound' into text field 'username'.</msg>
<status status="PASS" starttime="20211213 13:14:42.991" endtime="20211213 13:14:43.061"/>
</kw>
<status status="PASS" starttime="20211213 13:14:42.990" endtime="20211213 13:14:43.061"/>
</kw>
<kw name="Set Password">
<arg>testi</arg>
<kw name="Input Text" library="SeleniumLibrary">
<arg>password</arg>
<arg>${password}</arg>
<doc>Types the given ``text`` into the text field identified by ``locator``.</doc>
<msg timestamp="20211213 13:14:43.062" level="INFO">Typing text 'testi' into text field 'password'.</msg>
<status status="PASS" starttime="20211213 13:14:43.061" endtime="20211213 13:14:43.121"/>
</kw>
<status status="PASS" starttime="20211213 13:14:43.061" endtime="20211213 13:14:43.122"/>
</kw>
<kw name="Submit Login">
<kw name="Click Button" library="SeleniumLibrary">
<arg>submitLogin</arg>
<doc>Clicks the button identified by ``locator``.</doc>
<msg timestamp="20211213 13:14:43.122" level="INFO">Clicking button 'submitLogin'.</msg>
<status status="PASS" starttime="20211213 13:14:43.122" endtime="20211213 13:14:43.188"/>
</kw>
<status status="PASS" starttime="20211213 13:14:43.122" endtime="20211213 13:14:43.188"/>
</kw>
<kw name="Login Page Should Be Open" library="resource">
<kw name="Title Should Be" library="SeleniumLibrary">
<arg>Log In</arg>
<doc>Verifies that the current page title equals ``title``.</doc>
<msg timestamp="20211213 13:14:43.192" level="INFO">Page title is 'Log In'.</msg>
<status status="PASS" starttime="20211213 13:14:43.189" endtime="20211213 13:14:43.192"/>
</kw>
<status status="PASS" starttime="20211213 13:14:43.189" endtime="20211213 13:14:43.192"/>
</kw>
<kw name="Page Should Contain" library="SeleniumLibrary">
<arg>Username and password not matching</arg>
<doc>Verifies that current page contains ``text``.</doc>
<msg timestamp="20211213 13:14:43.203" level="INFO">Current page contains text 'Username and password not matching'.</msg>
<status status="PASS" starttime="20211213 13:14:43.192" endtime="20211213 13:14:43.203"/>
</kw>
<status status="PASS" starttime="20211213 13:14:42.939" endtime="20211213 13:14:43.204"/>
</test>
<test id="s1-s4-t3" name="Login With Invalid Password">
<kw name="Go To Login Page And Log Out" type="SETUP">
<kw name="Go To" library="SeleniumLibrary">
<arg>${LOGOUT URL}</arg>
<doc>Navigates the current browser window to the provided ``url``.</doc>
<msg timestamp="20211213 13:14:43.206" level="INFO">Opening url 'http://localhost:5000/logout'</msg>
<status status="PASS" starttime="20211213 13:14:43.206" endtime="20211213 13:14:43.233"/>
</kw>
<kw name="Go to Login Page" library="resource">
<kw name="Go To" library="SeleniumLibrary">
<arg>${LOGIN URL}</arg>
<doc>Navigates the current browser window to the provided ``url``.</doc>
<msg timestamp="20211213 13:14:43.234" level="INFO">Opening url 'http://localhost:5000/login'</msg>
<status status="PASS" starttime="20211213 13:14:43.234" endtime="20211213 13:14:43.258"/>
</kw>
<status status="PASS" starttime="20211213 13:14:43.233" endtime="20211213 13:14:43.258"/>
</kw>
<status status="PASS" starttime="20211213 13:14:43.205" endtime="20211213 13:14:43.258"/>
</kw>
<kw name="Set Username">
<arg>testi</arg>
<kw name="Input Text" library="SeleniumLibrary">
<arg>username</arg>
<arg>${username}</arg>
<doc>Types the given ``text`` into the text field identified by ``locator``.</doc>
<msg timestamp="20211213 13:14:43.259" level="INFO">Typing text 'testi' into text field 'username'.</msg>
<status status="PASS" starttime="20211213 13:14:43.259" endtime="20211213 13:14:43.325"/>
</kw>
<status status="PASS" starttime="20211213 13:14:43.258" endtime="20211213 13:14:43.325"/>
</kw>
<kw name="Set Password">
<arg>testi2</arg>
<kw name="Input Text" library="SeleniumLibrary">
<arg>password</arg>
<arg>${password}</arg>
<doc>Types the given ``text`` into the text field identified by ``locator``.</doc>
<msg timestamp="20211213 13:14:43.325" level="INFO">Typing text 'testi2' into text field 'password'.</msg>
<status status="PASS" starttime="20211213 13:14:43.325" endtime="20211213 13:14:43.385"/>
</kw>
<status status="PASS" starttime="20211213 13:14:43.325" endtime="20211213 13:14:43.386"/>
</kw>
<kw name="Submit Login">
<kw name="Click Button" library="SeleniumLibrary">
<arg>submitLogin</arg>
<doc>Clicks the button identified by ``locator``.</doc>
<msg timestamp="20211213 13:14:43.386" level="INFO">Clicking button 'submitLogin'.</msg>
<status status="PASS" starttime="20211213 13:14:43.386" endtime="20211213 13:14:43.611"/>
</kw>
<status status="PASS" starttime="20211213 13:14:43.386" endtime="20211213 13:14:43.611"/>
</kw>
<kw name="Login Page Should Be Open" library="resource">
<kw name="Title Should Be" library="SeleniumLibrary">
<arg>Log In</arg>
<doc>Verifies that the current page title equals ``title``.</doc>
<msg timestamp="20211213 13:14:43.615" level="INFO">Page title is 'Log In'.</msg>
<status status="PASS" starttime="20211213 13:14:43.611" endtime="20211213 13:14:43.615"/>
</kw>
<status status="PASS" starttime="20211213 13:14:43.611" endtime="20211213 13:14:43.615"/>
</kw>
<kw name="Page Should Contain" library="SeleniumLibrary">
<arg>Username and password not matching</arg>
<doc>Verifies that current page contains ``text``.</doc>
<msg timestamp="20211213 13:14:43.623" level="INFO">Current page contains text 'Username and password not matching'.</msg>
<status status="PASS" starttime="20211213 13:14:43.615" endtime="20211213 13:14:43.623"/>
</kw>
<status status="PASS" starttime="20211213 13:14:43.204" endtime="20211213 13:14:43.623"/>
</test>
<test id="s1-s4-t4" name="Login With Valid Credentials">
<kw name="Go To Login Page And Log Out" type="SETUP">
<kw name="Go To" library="SeleniumLibrary">
<arg>${LOGOUT URL}</arg>
<doc>Navigates the current browser window to the provided ``url``.</doc>
<msg timestamp="20211213 13:14:43.625" level="INFO">Opening url 'http://localhost:5000/logout'</msg>
<status status="PASS" starttime="20211213 13:14:43.625" endtime="20211213 13:14:43.655"/>
</kw>
<kw name="Go to Login Page" library="resource">
<kw name="Go To" library="SeleniumLibrary">
<arg>${LOGIN URL}</arg>
<doc>Navigates the current browser window to the provided ``url``.</doc>
<msg timestamp="20211213 13:14:43.656" level="INFO">Opening url 'http://localhost:5000/login'</msg>
<status status="PASS" starttime="20211213 13:14:43.656" endtime="20211213 13:14:43.679"/>
</kw>
<status status="PASS" starttime="20211213 13:14:43.655" endtime="20211213 13:14:43.679"/>
</kw>
<status status="PASS" starttime="20211213 13:14:43.624" endtime="20211213 13:14:43.679"/>
</kw>
<kw name="Set Username">
<arg>testi</arg>
<kw name="Input Text" library="SeleniumLibrary">
<arg>username</arg>
<arg>${username}</arg>
<doc>Types the given ``text`` into the text field identified by ``locator``.</doc>
<msg timestamp="20211213 13:14:43.680" level="INFO">Typing text 'testi' into text field 'username'.</msg>
<status status="PASS" starttime="20211213 13:14:43.680" endtime="20211213 13:14:43.743"/>
</kw>
<status status="PASS" starttime="20211213 13:14:43.679" endtime="20211213 13:14:43.744"/>
</kw>
<kw name="Set Password">
<arg>testi</arg>
<kw name="Input Text" library="SeleniumLibrary">
<arg>password</arg>
<arg>${password}</arg>
<doc>Types the given ``text`` into the text field identified by ``locator``.</doc>
<msg timestamp="20211213 13:14:43.745" level="INFO">Typing text 'testi' into text field 'password'.</msg>
<status status="PASS" starttime="20211213 13:14:43.744" endtime="20211213 13:14:43.804"/>
</kw>
<status status="PASS" starttime="20211213 13:14:43.744" endtime="20211213 13:14:43.804"/>
</kw>
<kw name="Submit Login">
<kw name="Click Button" library="SeleniumLibrary">
<arg>submitLogin</arg>
<doc>Clicks the button identified by ``locator``.</doc>
<msg timestamp="20211213 13:14:43.804" level="INFO">Clicking button 'submitLogin'.</msg>
<status status="PASS" starttime="20211213 13:14:43.804" endtime="20211213 13:14:44.040"/>
</kw>
<status status="PASS" starttime="20211213 13:14:43.804" endtime="20211213 13:14:44.040"/>
</kw>
<kw name="Main Page Should Be Open" library="resource">
<kw name="Title Should Be" library="SeleniumLibrary">
<arg>Lukuvinkkikirjasto</arg>
<doc>Verifies that the current page title equals ``title``.</doc>
<msg timestamp="20211213 13:14:44.044" level="INFO">Page title is 'Lukuvinkkikirjasto'.</msg>
<status status="PASS" starttime="20211213 13:14:44.041" endtime="20211213 13:14:44.044"/>
</kw>
<status status="PASS" starttime="20211213 13:14:44.040" endtime="20211213 13:14:44.044"/>
</kw>
<status status="PASS" starttime="20211213 13:14:43.624" endtime="20211213 13:14:44.044"/>
</test>
<kw name="Close Browser" library="SeleniumLibrary" type="TEARDOWN">
<doc>Closes the current browser.</doc>
<status status="PASS" starttime="20211213 13:14:44.045" endtime="20211213 13:14:44.101"/>
</kw>
<status status="PASS" starttime="20211213 13:14:41.598" endtime="20211213 13:14:44.101"/>
</suite>
<status status="PASS" starttime="20211213 13:14:23.167" endtime="20211213 13:14:44.104"/>
</suite>
<statistics>
<total>
<stat pass="44" fail="0" skip="0">All Tests</stat>
</total>
<tag>
</tag>
<suite>
<stat pass="44" fail="0" skip="0" id="s1" name="Tests">Tests</stat>
<stat pass="30" fail="0" skip="0" id="s1-s1" name="Add Bookmark">Tests.Add Bookmark</stat>
<stat pass="8" fail="0" skip="0" id="s1-s2" name="Create">Tests.Create</stat>
<stat pass="2" fail="0" skip="0" id="s1-s3" name="Home">Tests.Home</stat>
<stat pass="4" fail="0" skip="0" id="s1-s4" name="Login">Tests.Login</stat>
</suite>
</statistics>
<errors>
</errors>
</robot>
